This file contains any messages produced by compilers while
running configure, to aid debugging if configure makes a mistake.

It was created by readline configure 8.2, which was
generated by GNU Autoconf 2.71.  Invocation command line was

  $ ./configure

## --------- ##
## Platform. ##
## --------- ##

hostname = car12s1.42barcelona.com
uname -m = x86_64
uname -r = 19.6.0
uname -s = Darwin
uname -v = Darwin Kernel Version 19.6.0: Thu Oct 29 22:56:45 PDT 2020; root:xnu-6153.141.2.2~1/RELEASE_X86_64

/usr/bin/uname -p = i386
/bin/uname -X     = unknown

/bin/arch              = unknown
/usr/bin/arch -k       = unknown
/usr/convex/getsysinfo = unknown
/usr/bin/hostinfo      = Mach kernel version:
	 Darwin Kernel Version 19.6.0: Thu Oct 29 22:56:45 PDT 2020; root:xnu-6153.141.2.2~1/RELEASE_X86_64
Kernel configured for up to 6 processors.
6 processors are physically available.
6 processors are logically available.
Processor type: x86_64h (Intel x86-64h Haswell)
Processors active: 0 1 2 3 4 5
Primary memory available: 8.00 gigabytes
Default processor set: 324 tasks, 1599 threads, 6 processors
Load average: 1.92, Mach factor: 4.07
/bin/machine           = unknown
/usr/bin/oslevel       = unknown
/bin/universe          = unknown

PATH: /usr/local/bin/
PATH: /usr/bin/
PATH: /bin/
PATH: /usr/sbin/
PATH: /sbin/
PATH: /Applications/VMware Fusion.app/Contents/Public/
PATH: /usr/local/go/bin/
PATH: /usr/local/munki/


## ----------- ##
## Core tests. ##
## ----------- ##

configure:2751: looking for aux files: install-sh config.guess config.sub
configure:2764:  trying ././support/
configure:2778:   ././support/install.sh found
configure:2793:   ././support/config.guess found
configure:2793:   ././support/config.sub found
configure:2921: checking build system type
configure:2936: result: x86_64-apple-darwin19.6.0
configure:2956: checking host system type
configure:2970: result: x86_64-apple-darwin19.6.0
configure:3097: checking whether make sets $(MAKE)
configure:3120: result: yes
configure:3191: checking for gcc
configure:3212: found /usr/bin/gcc
configure:3223: result: gcc
configure:3576: checking for C compiler version
configure:3585: gcc --version >&5
Apple clang version 12.0.0 (clang-1200.0.32.29)
Target: x86_64-apple-darwin19.6.0
Thread model: posix
InstalledDir: /Library/Developer/CommandLineTools/usr/bin
Configured with: --prefix=/Library/Developer/CommandLineTools/usr --with-gxx-include-dir=/Library/Developer/CommandLineTools/SDKs/MacOSX10.15.sdk/usr/include/c++/4.2.1
configure:3596: $? = 0
configure:3585: gcc -v >&5
Configured with: --prefix=/Library/Developer/CommandLineTools/usr --with-gxx-include-dir=/Library/Developer/CommandLineTools/SDKs/MacOSX10.15.sdk/usr/include/c++/4.2.1
Apple clang version 12.0.0 (clang-1200.0.32.29)
Target: x86_64-apple-darwin19.6.0
Thread model: posix
InstalledDir: /Library/Developer/CommandLineTools/usr/bin
configure:3596: $? = 0
configure:3585: gcc -V >&5
clang: error: argument to '-V' is missing (expected 1 value)
clang: error: no input files
configure:3596: $? = 1
configure:3585: gcc -qversion >&5
clang: error: unknown argument '-qversion'; did you mean '--version'?
clang: error: no input files
configure:3596: $? = 1
configure:3585: gcc -version >&5
clang: error: unknown argument '-version'; did you mean '--version'?
clang: error: no input files
configure:3596: $? = 1
configure:3616: checking whether the C compiler works
configure:3638: gcc    conftest.c  >&5
configure:3642: $? = 0
configure:3692: result: yes
configure:3695: checking for C compiler default output file name
configure:3697: result: a.out
configure:3703: checking for suffix of executables
configure:3710: gcc -o conftest    conftest.c  >&5
configure:3714: $? = 0
configure:3737: result: 
configure:3759: checking whether we are cross compiling
configure:3767: gcc -o conftest    conftest.c  >&5
configure:3771: $? = 0
configure:3778: ./conftest
configure:3782: $? = 0
configure:3797: result: no
configure:3802: checking for suffix of object files
configure:3825: gcc -c   conftest.c >&5
configure:3829: $? = 0
configure:3851: result: o
configure:3855: checking whether the compiler supports GNU C
configure:3875: gcc -c   conftest.c >&5
configure:3875: $? = 0
configure:3885: result: yes
configure:3896: checking whether gcc accepts -g
configure:3917: gcc -c -g  conftest.c >&5
configure:3917: $? = 0
configure:3961: result: yes
configure:3981: checking for gcc option to enable C11 features
configure:3996: gcc  -c -g -O2  conftest.c >&5
configure:3996: $? = 0
configure:4014: result: none needed
configure:4129: checking for stdio.h
configure:4129: gcc -c -g -O2  conftest.c >&5
configure:4129: $? = 0
configure:4129: result: yes
configure:4129: checking for stdlib.h
configure:4129: gcc -c -g -O2  conftest.c >&5
configure:4129: $? = 0
configure:4129: result: yes
configure:4129: checking for string.h
configure:4129: gcc -c -g -O2  conftest.c >&5
configure:4129: $? = 0
configure:4129: result: yes
configure:4129: checking for inttypes.h
configure:4129: gcc -c -g -O2  conftest.c >&5
configure:4129: $? = 0
configure:4129: result: yes
configure:4129: checking for stdint.h
configure:4129: gcc -c -g -O2  conftest.c >&5
configure:4129: $? = 0
configure:4129: result: yes
configure:4129: checking for strings.h
configure:4129: gcc -c -g -O2  conftest.c >&5
configure:4129: $? = 0
configure:4129: result: yes
configure:4129: checking for sys/stat.h
configure:4129: gcc -c -g -O2  conftest.c >&5
configure:4129: $? = 0
configure:4129: result: yes
configure:4129: checking for sys/types.h
configure:4129: gcc -c -g -O2  conftest.c >&5
configure:4129: $? = 0
configure:4129: result: yes
configure:4129: checking for unistd.h
configure:4129: gcc -c -g -O2  conftest.c >&5
configure:4129: $? = 0
configure:4129: result: yes
configure:4129: checking for wchar.h
configure:4129: gcc -c -g -O2  conftest.c >&5
configure:4129: $? = 0
configure:4129: result: yes
configure:4129: checking for minix/config.h
configure:4129: gcc -c -g -O2  conftest.c >&5
conftest.c:47:10: fatal error: 'minix/config.h' file not found
#include <minix/config.h>
         ^~~~~~~~~~~~~~~~
1 error generated.
configure:4129: $? = 1
configure: failed program was:
| /* confdefs.h */
| #define PACKAGE_NAME "readline"
| #define PACKAGE_TARNAME "readline"
| #define PACKAGE_VERSION "8.2"
| #define PACKAGE_STRING "readline 8.2"
| #define PACKAGE_BUGREPORT "bug-readline@gnu.org"
| #define PACKAGE_URL ""
| #define HAVE_STDIO_H 1
| #define HAVE_STDLIB_H 1
| #define HAVE_STRING_H 1
| #define HAVE_INTTYPES_H 1
| #define HAVE_STDINT_H 1
| #define HAVE_STRINGS_H 1
| #define HAVE_SYS_STAT_H 1
| #define HAVE_SYS_TYPES_H 1
| #define HAVE_UNISTD_H 1
| #define HAVE_WCHAR_H 1
| /* end confdefs.h.  */
| #include <stddef.h>
| #ifdef HAVE_STDIO_H
| # include <stdio.h>
| #endif
| #ifdef HAVE_STDLIB_H
| # include <stdlib.h>
| #endif
| #ifdef HAVE_STRING_H
| # include <string.h>
| #endif
| #ifdef HAVE_INTTYPES_H
| # include <inttypes.h>
| #endif
| #ifdef HAVE_STDINT_H
| # include <stdint.h>
| #endif
| #ifdef HAVE_STRINGS_H
| # include <strings.h>
| #endif
| #ifdef HAVE_SYS_TYPES_H
| # include <sys/types.h>
| #endif
| #ifdef HAVE_SYS_STAT_H
| # include <sys/stat.h>
| #endif
| #ifdef HAVE_UNISTD_H
| # include <unistd.h>
| #endif
| #include <minix/config.h>
configure:4129: result: no
configure:4160: checking whether it is safe to define __EXTENSIONS__
configure:4179: gcc -c -g -O2  conftest.c >&5
configure:4179: $? = 0
configure:4187: result: yes
configure:4190: checking whether _XOPEN_SOURCE should be defined
configure:4212: gcc -c -g -O2  conftest.c >&5
configure:4212: $? = 0
configure:4239: result: no
configure:4307: checking how to run the C preprocessor
configure:4333: gcc -E  conftest.c
configure:4333: $? = 0
configure:4348: gcc -E  conftest.c
conftest.c:36:10: fatal error: 'ac_nonexistent.h' file not found
#include <ac_nonexistent.h>
         ^~~~~~~~~~~~~~~~~~
1 error generated.
configure:4348: $? = 1
configure: failed program was:
| /* confdefs.h */
| #define PACKAGE_NAME "readline"
| #define PACKAGE_TARNAME "readline"
| #define PACKAGE_VERSION "8.2"
| #define PACKAGE_STRING "readline 8.2"
| #define PACKAGE_BUGREPORT "bug-readline@gnu.org"
| #define PACKAGE_URL ""
| #define HAVE_STDIO_H 1
| #define HAVE_STDLIB_H 1
| #define HAVE_STRING_H 1
| #define HAVE_INTTYPES_H 1
| #define HAVE_STDINT_H 1
| #define HAVE_STRINGS_H 1
| #define HAVE_SYS_STAT_H 1
| #define HAVE_SYS_TYPES_H 1
| #define HAVE_UNISTD_H 1
| #define HAVE_WCHAR_H 1
| #define STDC_HEADERS 1
| #define _ALL_SOURCE 1
| #define _DARWIN_C_SOURCE 1
| #define _GNU_SOURCE 1
| #define _HPUX_ALT_XOPEN_SOCKET_API 1
| #define _NETBSD_SOURCE 1
| #define _OPENBSD_SOURCE 1
| #define _POSIX_PTHREAD_SEMANTICS 1
| #define __STDC_WANT_IEC_60559_ATTRIBS_EXT__ 1
| #define __STDC_WANT_IEC_60559_BFP_EXT__ 1
| #define __STDC_WANT_IEC_60559_DFP_EXT__ 1
| #define __STDC_WANT_IEC_60559_FUNCS_EXT__ 1
| #define __STDC_WANT_IEC_60559_TYPES_EXT__ 1
| #define __STDC_WANT_LIB_EXT2__ 1
| #define __STDC_WANT_MATH_SPEC_FUNCS__ 1
| #define _TANDEM_SOURCE 1
| #define __EXTENSIONS__ 1
| /* end confdefs.h.  */
| #include <ac_nonexistent.h>
configure:4375: result: gcc -E
configure:4389: gcc -E  conftest.c
configure:4389: $? = 0
configure:4404: gcc -E  conftest.c
conftest.c:36:10: fatal error: 'ac_nonexistent.h' file not found
#include <ac_nonexistent.h>
         ^~~~~~~~~~~~~~~~~~
1 error generated.
configure:4404: $? = 1
configure: failed program was:
| /* confdefs.h */
| #define PACKAGE_NAME "readline"
| #define PACKAGE_TARNAME "readline"
| #define PACKAGE_VERSION "8.2"
| #define PACKAGE_STRING "readline 8.2"
| #define PACKAGE_BUGREPORT "bug-readline@gnu.org"
| #define PACKAGE_URL ""
| #define HAVE_STDIO_H 1
| #define HAVE_STDLIB_H 1
| #define HAVE_STRING_H 1
| #define HAVE_INTTYPES_H 1
| #define HAVE_STDINT_H 1
| #define HAVE_STRINGS_H 1
| #define HAVE_SYS_STAT_H 1
| #define HAVE_SYS_TYPES_H 1
| #define HAVE_UNISTD_H 1
| #define HAVE_WCHAR_H 1
| #define STDC_HEADERS 1
| #define _ALL_SOURCE 1
| #define _DARWIN_C_SOURCE 1
| #define _GNU_SOURCE 1
| #define _HPUX_ALT_XOPEN_SOCKET_API 1
| #define _NETBSD_SOURCE 1
| #define _OPENBSD_SOURCE 1
| #define _POSIX_PTHREAD_SEMANTICS 1
| #define __STDC_WANT_IEC_60559_ATTRIBS_EXT__ 1
| #define __STDC_WANT_IEC_60559_BFP_EXT__ 1
| #define __STDC_WANT_IEC_60559_DFP_EXT__ 1
| #define __STDC_WANT_IEC_60559_FUNCS_EXT__ 1
| #define __STDC_WANT_IEC_60559_TYPES_EXT__ 1
| #define __STDC_WANT_LIB_EXT2__ 1
| #define __STDC_WANT_MATH_SPEC_FUNCS__ 1
| #define _TANDEM_SOURCE 1
| #define __EXTENSIONS__ 1
| /* end confdefs.h.  */
| #include <ac_nonexistent.h>
configure:4435: checking for grep that handles long lines and -e
configure:4499: result: /usr/bin/grep
configure:4504: checking for egrep
configure:4572: result: /usr/bin/grep -E
configure:4578: checking whether gcc needs -traditional
conftest.c:36:10: fatal error: 'termio.h' file not found
#include <termio.h>
         ^~~~~~~~~~
1 error generated.
configure:4615: result: no
configure:4637: checking for a BSD-compatible install
configure:4710: result: /usr/bin/install -c
configure:4769: checking for ar
configure:4790: found /usr/bin/ar
configure:4801: result: ar
configure:4872: checking for ranlib
configure:4893: found /usr/bin/ranlib
configure:4904: result: ranlib
configure:4937: checking for an ANSI C-conforming const
configure:5004: gcc -c -g -O2  conftest.c >&5
configure:5004: $? = 0
configure:5012: result: yes
configure:5020: checking for inline
configure:5037: gcc -c -g -O2  conftest.c >&5
configure:5037: $? = 0
configure:5046: result: inline
configure:5073: checking whether char is unsigned
configure:5093: gcc -c -g -O2  conftest.c >&5
configure:5093: $? = 0
configure:5101: result: no
configure:5108: checking for working volatile
configure:5128: gcc -c -g -O2  conftest.c >&5
configure:5128: $? = 0
configure:5136: result: yes
configure:5145: checking for size_t
configure:5145: gcc -c -g -O2  conftest.c >&5
configure:5145: $? = 0
configure:5145: gcc -c -g -O2  conftest.c >&5
conftest.c:69:21: error: expected expression
if (sizeof ((size_t)))
                    ^
1 error generated.
configure:5145: $? = 1
configure: failed program was:
| /* confdefs.h */
| #define PACKAGE_NAME "readline"
| #define PACKAGE_TARNAME "readline"
| #define PACKAGE_VERSION "8.2"
| #define PACKAGE_STRING "readline 8.2"
| #define PACKAGE_BUGREPORT "bug-readline@gnu.org"
| #define PACKAGE_URL ""
| #define HAVE_STDIO_H 1
| #define HAVE_STDLIB_H 1
| #define HAVE_STRING_H 1
| #define HAVE_INTTYPES_H 1
| #define HAVE_STDINT_H 1
| #define HAVE_STRINGS_H 1
| #define HAVE_SYS_STAT_H 1
| #define HAVE_SYS_TYPES_H 1
| #define HAVE_UNISTD_H 1
| #define HAVE_WCHAR_H 1
| #define STDC_HEADERS 1
| #define _ALL_SOURCE 1
| #define _DARWIN_C_SOURCE 1
| #define _GNU_SOURCE 1
| #define _HPUX_ALT_XOPEN_SOCKET_API 1
| #define _NETBSD_SOURCE 1
| #define _OPENBSD_SOURCE 1
| #define _POSIX_PTHREAD_SEMANTICS 1
| #define __STDC_WANT_IEC_60559_ATTRIBS_EXT__ 1
| #define __STDC_WANT_IEC_60559_BFP_EXT__ 1
| #define __STDC_WANT_IEC_60559_DFP_EXT__ 1
| #define __STDC_WANT_IEC_60559_FUNCS_EXT__ 1
| #define __STDC_WANT_IEC_60559_TYPES_EXT__ 1
| #define __STDC_WANT_LIB_EXT2__ 1
| #define __STDC_WANT_MATH_SPEC_FUNCS__ 1
| #define _TANDEM_SOURCE 1
| #define __EXTENSIONS__ 1
| #define PROTOTYPES 1
| #define __PROTOTYPES 1
| /* end confdefs.h.  */
| #include <stddef.h>
| #ifdef HAVE_STDIO_H
| # include <stdio.h>
| #endif
| #ifdef HAVE_STDLIB_H
| # include <stdlib.h>
| #endif
| #ifdef HAVE_STRING_H
| # include <string.h>
| #endif
| #ifdef HAVE_INTTYPES_H
| # include <inttypes.h>
| #endif
| #ifdef HAVE_STDINT_H
| # include <stdint.h>
| #endif
| #ifdef HAVE_STRINGS_H
| # include <strings.h>
| #endif
| #ifdef HAVE_SYS_TYPES_H
| # include <sys/types.h>
| #endif
| #ifdef HAVE_SYS_STAT_H
| # include <sys/stat.h>
| #endif
| #ifdef HAVE_UNISTD_H
| # include <unistd.h>
| #endif
| int
| main (void)
| {
| if (sizeof ((size_t)))
| 	    return 0;
|   ;
|   return 0;
| }
configure:5145: result: yes
configure:5155: checking for ssize_t
configure:5155: gcc -c -g -O2  conftest.c >&5
configure:5155: $? = 0
configure:5155: gcc -c -g -O2  conftest.c >&5
conftest.c:69:22: error: expected expression
if (sizeof ((ssize_t)))
                     ^
1 error generated.
configure:5155: $? = 1
configure: failed program was:
| /* confdefs.h */
| #define PACKAGE_NAME "readline"
| #define PACKAGE_TARNAME "readline"
| #define PACKAGE_VERSION "8.2"
| #define PACKAGE_STRING "readline 8.2"
| #define PACKAGE_BUGREPORT "bug-readline@gnu.org"
| #define PACKAGE_URL ""
| #define HAVE_STDIO_H 1
| #define HAVE_STDLIB_H 1
| #define HAVE_STRING_H 1
| #define HAVE_INTTYPES_H 1
| #define HAVE_STDINT_H 1
| #define HAVE_STRINGS_H 1
| #define HAVE_SYS_STAT_H 1
| #define HAVE_SYS_TYPES_H 1
| #define HAVE_UNISTD_H 1
| #define HAVE_WCHAR_H 1
| #define STDC_HEADERS 1
| #define _ALL_SOURCE 1
| #define _DARWIN_C_SOURCE 1
| #define _GNU_SOURCE 1
| #define _HPUX_ALT_XOPEN_SOCKET_API 1
| #define _NETBSD_SOURCE 1
| #define _OPENBSD_SOURCE 1
| #define _POSIX_PTHREAD_SEMANTICS 1
| #define __STDC_WANT_IEC_60559_ATTRIBS_EXT__ 1
| #define __STDC_WANT_IEC_60559_BFP_EXT__ 1
| #define __STDC_WANT_IEC_60559_DFP_EXT__ 1
| #define __STDC_WANT_IEC_60559_FUNCS_EXT__ 1
| #define __STDC_WANT_IEC_60559_TYPES_EXT__ 1
| #define __STDC_WANT_LIB_EXT2__ 1
| #define __STDC_WANT_MATH_SPEC_FUNCS__ 1
| #define _TANDEM_SOURCE 1
| #define __EXTENSIONS__ 1
| #define PROTOTYPES 1
| #define __PROTOTYPES 1
| /* end confdefs.h.  */
| #include <stddef.h>
| #ifdef HAVE_STDIO_H
| # include <stdio.h>
| #endif
| #ifdef HAVE_STDLIB_H
| # include <stdlib.h>
| #endif
| #ifdef HAVE_STRING_H
| # include <string.h>
| #endif
| #ifdef HAVE_INTTYPES_H
| # include <inttypes.h>
| #endif
| #ifdef HAVE_STDINT_H
| # include <stdint.h>
| #endif
| #ifdef HAVE_STRINGS_H
| # include <strings.h>
| #endif
| #ifdef HAVE_SYS_TYPES_H
| # include <sys/types.h>
| #endif
| #ifdef HAVE_SYS_STAT_H
| # include <sys/stat.h>
| #endif
| #ifdef HAVE_UNISTD_H
| # include <unistd.h>
| #endif
| int
| main (void)
| {
| if (sizeof ((ssize_t)))
| 	    return 0;
|   ;
|   return 0;
| }
configure:5155: result: yes
configure:5166: checking whether stat file-mode macros are broken
configure:5194: gcc -c -g -O2  conftest.c >&5
configure:5194: $? = 0
configure:5202: result: no
configure:5213: checking for dirent.h that defines DIR
configure:5233: gcc -c -g -O2  conftest.c >&5
configure:5233: $? = 0
configure:5242: result: yes
configure:5256: checking for library containing opendir
configure:5286: gcc -o conftest -g -O2   conftest.c  >&5
configure:5286: $? = 0
configure:5306: result: none required
configure:5378: checking for fcntl
configure:5378: gcc -o conftest -g -O2   conftest.c  >&5
configure:5378: $? = 0
configure:5378: result: yes
configure:5384: checking for gettimeofday
configure:5384: gcc -o conftest -g -O2   conftest.c  >&5
configure:5384: $? = 0
configure:5384: result: yes
configure:5390: checking for kill
configure:5390: gcc -o conftest -g -O2   conftest.c  >&5
configure:5390: $? = 0
configure:5390: result: yes
configure:5396: checking for lstat
configure:5396: gcc -o conftest -g -O2   conftest.c  >&5
configure:5396: $? = 0
configure:5396: result: yes
configure:5402: checking for pselect
configure:5402: gcc -o conftest -g -O2   conftest.c  >&5
configure:5402: $? = 0
configure:5402: result: yes
configure:5408: checking for readlink
configure:5408: gcc -o conftest -g -O2   conftest.c  >&5
configure:5408: $? = 0
configure:5408: result: yes
configure:5414: checking for select
configure:5414: gcc -o conftest -g -O2   conftest.c  >&5
configure:5414: $? = 0
configure:5414: result: yes
configure:5420: checking for setitimer
configure:5420: gcc -o conftest -g -O2   conftest.c  >&5
configure:5420: $? = 0
configure:5420: result: yes
configure:5427: checking for fnmatch
configure:5427: gcc -o conftest -g -O2   conftest.c  >&5
configure:5427: $? = 0
configure:5427: result: yes
configure:5433: checking for memmove
configure:5433: gcc -o conftest -g -O2   conftest.c  >&5
conftest.c:64:6: warning: incompatible redeclaration of library function 'memmove' [-Wincompatible-library-redeclaration]
char memmove ();
     ^
conftest.c:64:6: note: 'memmove' is a builtin with type 'void *(void *, const void *, unsigned long)'
1 warning generated.
configure:5433: $? = 0
configure:5433: result: yes
configure:5439: checking for putenv
configure:5439: gcc -o conftest -g -O2   conftest.c  >&5
configure:5439: $? = 0
configure:5439: result: yes
configure:5445: checking for setenv
configure:5445: gcc -o conftest -g -O2   conftest.c  >&5
configure:5445: $? = 0
configure:5445: result: yes
configure:5451: checking for setlocale
configure:5451: gcc -o conftest -g -O2   conftest.c  >&5
configure:5451: $? = 0
configure:5451: result: yes
configure:5457: checking for strcasecmp
configure:5457: gcc -o conftest -g -O2   conftest.c  >&5
conftest.c:68:6: warning: incompatible redeclaration of library function 'strcasecmp' [-Wincompatible-library-redeclaration]
char strcasecmp ();
     ^
conftest.c:68:6: note: 'strcasecmp' is a builtin with type 'int (const char *, const char *)'
1 warning generated.
configure:5457: $? = 0
configure:5457: result: yes
configure:5463: checking for strpbrk
configure:5463: gcc -o conftest -g -O2   conftest.c  >&5
conftest.c:69:6: warning: incompatible redeclaration of library function 'strpbrk' [-Wincompatible-library-redeclaration]
char strpbrk ();
     ^
conftest.c:69:6: note: 'strpbrk' is a builtin with type 'char *(const char *, const char *)'
1 warning generated.
configure:5463: $? = 0
configure:5463: result: yes
configure:5469: checking for sysconf
configure:5469: gcc -o conftest -g -O2   conftest.c  >&5
configure:5469: $? = 0
configure:5469: result: yes
configure:5475: checking for tcgetattr
configure:5475: gcc -o conftest -g -O2   conftest.c  >&5
configure:5475: $? = 0
configure:5475: result: yes
configure:5481: checking for vsnprintf
configure:5481: gcc -o conftest -g -O2   conftest.c  >&5
conftest.c:72:6: warning: incompatible redeclaration of library function 'vsnprintf' [-Wincompatible-library-redeclaration]
char vsnprintf ();
     ^
conftest.c:72:6: note: 'vsnprintf' is a builtin with type 'int (char *, unsigned long, const char *, struct __va_list_tag *)'
1 warning generated.
configure:5481: $? = 0
configure:5481: result: yes
configure:5488: checking for isascii
configure:5488: gcc -o conftest -g -O2   conftest.c  >&5
configure:5488: $? = 0
configure:5488: result: yes
configure:5494: checking for isxdigit
configure:5494: gcc -o conftest -g -O2   conftest.c  >&5
conftest.c:74:6: warning: incompatible redeclaration of library function 'isxdigit' [-Wincompatible-library-redeclaration]
char isxdigit ();
     ^
conftest.c:74:6: note: 'isxdigit' is a builtin with type 'int (int)'
1 warning generated.
configure:5494: $? = 0
configure:5494: result: yes
configure:5501: checking for getpwent
configure:5501: gcc -o conftest -g -O2   conftest.c  >&5
configure:5501: $? = 0
configure:5501: result: yes
configure:5507: checking for getpwnam
configure:5507: gcc -o conftest -g -O2   conftest.c  >&5
configure:5507: $? = 0
configure:5507: result: yes
configure:5513: checking for getpwuid
configure:5513: gcc -o conftest -g -O2   conftest.c  >&5
configure:5513: $? = 0
configure:5513: result: yes
configure:5521: checking for uid_t in sys/types.h
configure:5542: result: yes
configure:5553: checking for working chown
configure:5593: gcc -o conftest -g -O2   conftest.c  >&5
configure:5593: $? = 0
configure:5593: ./conftest
configure:5593: $? = 0
configure:5606: result: yes
configure:5614: checking for working strcoll
configure:5642: gcc -o conftest -g -O2   conftest.c  >&5
configure:5642: $? = 0
configure:5642: ./conftest
configure:5642: $? = 0
configure:5653: result: yes
configure:5662: checking for fcntl.h
configure:5662: gcc -c -g -O2  conftest.c >&5
configure:5662: $? = 0
configure:5662: result: yes
configure:5668: checking for unistd.h
configure:5668: result: yes
configure:5674: checking for stdlib.h
configure:5674: result: yes
configure:5680: checking for varargs.h
configure:5680: gcc -c -g -O2  conftest.c >&5
In file included from conftest.c:95:
/Library/Developer/CommandLineTools/usr/lib/clang/12.0.0/include/varargs.h:11:4: error: "Please use <stdarg.h> instead of <varargs.h>"
  #error "Please use <stdarg.h> instead of <varargs.h>"
   ^
1 error generated.
configure:5680: $? = 1
configure: failed program was:
| /* confdefs.h */
| #define PACKAGE_NAME "readline"
| #define PACKAGE_TARNAME "readline"
| #define PACKAGE_VERSION "8.2"
| #define PACKAGE_STRING "readline 8.2"
| #define PACKAGE_BUGREPORT "bug-readline@gnu.org"
| #define PACKAGE_URL ""
| #define HAVE_STDIO_H 1
| #define HAVE_STDLIB_H 1
| #define HAVE_STRING_H 1
| #define HAVE_INTTYPES_H 1
| #define HAVE_STDINT_H 1
| #define HAVE_STRINGS_H 1
| #define HAVE_SYS_STAT_H 1
| #define HAVE_SYS_TYPES_H 1
| #define HAVE_UNISTD_H 1
| #define HAVE_WCHAR_H 1
| #define STDC_HEADERS 1
| #define _ALL_SOURCE 1
| #define _DARWIN_C_SOURCE 1
| #define _GNU_SOURCE 1
| #define _HPUX_ALT_XOPEN_SOCKET_API 1
| #define _NETBSD_SOURCE 1
| #define _OPENBSD_SOURCE 1
| #define _POSIX_PTHREAD_SEMANTICS 1
| #define __STDC_WANT_IEC_60559_ATTRIBS_EXT__ 1
| #define __STDC_WANT_IEC_60559_BFP_EXT__ 1
| #define __STDC_WANT_IEC_60559_DFP_EXT__ 1
| #define __STDC_WANT_IEC_60559_FUNCS_EXT__ 1
| #define __STDC_WANT_IEC_60559_TYPES_EXT__ 1
| #define __STDC_WANT_LIB_EXT2__ 1
| #define __STDC_WANT_MATH_SPEC_FUNCS__ 1
| #define _TANDEM_SOURCE 1
| #define __EXTENSIONS__ 1
| #define PROTOTYPES 1
| #define __PROTOTYPES 1
| #define HAVE_DIRENT_H 1
| #define HAVE_FCNTL 1
| #define HAVE_GETTIMEOFDAY 1
| #define HAVE_KILL 1
| #define HAVE_LSTAT 1
| #define HAVE_PSELECT 1
| #define HAVE_READLINK 1
| #define HAVE_SELECT 1
| #define HAVE_SETITIMER 1
| #define HAVE_FNMATCH 1
| #define HAVE_MEMMOVE 1
| #define HAVE_PUTENV 1
| #define HAVE_SETENV 1
| #define HAVE_SETLOCALE 1
| #define HAVE_STRCASECMP 1
| #define HAVE_STRPBRK 1
| #define HAVE_SYSCONF 1
| #define HAVE_TCGETATTR 1
| #define HAVE_VSNPRINTF 1
| #define HAVE_ISASCII 1
| #define HAVE_ISXDIGIT 1
| #define HAVE_GETPWENT 1
| #define HAVE_GETPWNAM 1
| #define HAVE_GETPWUID 1
| #define HAVE_CHOWN 1
| #define HAVE_STRCOLL 1
| #define HAVE_FCNTL_H 1
| #define HAVE_UNISTD_H 1
| #define HAVE_STDLIB_H 1
| /* end confdefs.h.  */
| #include <stddef.h>
| #ifdef HAVE_STDIO_H
| # include <stdio.h>
| #endif
| #ifdef HAVE_STDLIB_H
| # include <stdlib.h>
| #endif
| #ifdef HAVE_STRING_H
| # include <string.h>
| #endif
| #ifdef HAVE_INTTYPES_H
| # include <inttypes.h>
| #endif
| #ifdef HAVE_STDINT_H
| # include <stdint.h>
| #endif
| #ifdef HAVE_STRINGS_H
| # include <strings.h>
| #endif
| #ifdef HAVE_SYS_TYPES_H
| # include <sys/types.h>
| #endif
| #ifdef HAVE_SYS_STAT_H
| # include <sys/stat.h>
| #endif
| #ifdef HAVE_UNISTD_H
| # include <unistd.h>
| #endif
| #include <varargs.h>
configure:5680: result: no
configure:5686: checking for stdarg.h
configure:5686: gcc -c -g -O2  conftest.c >&5
configure:5686: $? = 0
configure:5686: result: yes
configure:5692: checking for stdbool.h
configure:5692: gcc -c -g -O2  conftest.c >&5
configure:5692: $? = 0
configure:5692: result: yes
configure:5698: checking for string.h
configure:5698: result: yes
configure:5704: checking for strings.h
configure:5704: result: yes
configure:5710: checking for limits.h
configure:5710: gcc -c -g -O2  conftest.c >&5
configure:5710: $? = 0
configure:5710: result: yes
configure:5716: checking for locale.h
configure:5716: gcc -c -g -O2  conftest.c >&5
configure:5716: $? = 0
configure:5716: result: yes
configure:5722: checking for pwd.h
configure:5722: gcc -c -g -O2  conftest.c >&5
configure:5722: $? = 0
configure:5722: result: yes
configure:5728: checking for memory.h
configure:5728: gcc -c -g -O2  conftest.c >&5
configure:5728: $? = 0
configure:5728: result: yes
configure:5734: checking for termcap.h
configure:5734: gcc -c -g -O2  conftest.c >&5
configure:5734: $? = 0
configure:5734: result: yes
configure:5740: checking for termios.h
configure:5740: gcc -c -g -O2  conftest.c >&5
configure:5740: $? = 0
configure:5740: result: yes
configure:5746: checking for termio.h
configure:5746: gcc -c -g -O2  conftest.c >&5
conftest.c:105:10: fatal error: 'termio.h' file not found
#include <termio.h>
         ^~~~~~~~~~
1 error generated.
configure:5746: $? = 1
configure: failed program was:
| /* confdefs.h */
| #define PACKAGE_NAME "readline"
| #define PACKAGE_TARNAME "readline"
| #define PACKAGE_VERSION "8.2"
| #define PACKAGE_STRING "readline 8.2"
| #define PACKAGE_BUGREPORT "bug-readline@gnu.org"
| #define PACKAGE_URL ""
| #define HAVE_STDIO_H 1
| #define HAVE_STDLIB_H 1
| #define HAVE_STRING_H 1
| #define HAVE_INTTYPES_H 1
| #define HAVE_STDINT_H 1
| #define HAVE_STRINGS_H 1
| #define HAVE_SYS_STAT_H 1
| #define HAVE_SYS_TYPES_H 1
| #define HAVE_UNISTD_H 1
| #define HAVE_WCHAR_H 1
| #define STDC_HEADERS 1
| #define _ALL_SOURCE 1
| #define _DARWIN_C_SOURCE 1
| #define _GNU_SOURCE 1
| #define _HPUX_ALT_XOPEN_SOCKET_API 1
| #define _NETBSD_SOURCE 1
| #define _OPENBSD_SOURCE 1
| #define _POSIX_PTHREAD_SEMANTICS 1
| #define __STDC_WANT_IEC_60559_ATTRIBS_EXT__ 1
| #define __STDC_WANT_IEC_60559_BFP_EXT__ 1
| #define __STDC_WANT_IEC_60559_DFP_EXT__ 1
| #define __STDC_WANT_IEC_60559_FUNCS_EXT__ 1
| #define __STDC_WANT_IEC_60559_TYPES_EXT__ 1
| #define __STDC_WANT_LIB_EXT2__ 1
| #define __STDC_WANT_MATH_SPEC_FUNCS__ 1
| #define _TANDEM_SOURCE 1
| #define __EXTENSIONS__ 1
| #define PROTOTYPES 1
| #define __PROTOTYPES 1
| #define HAVE_DIRENT_H 1
| #define HAVE_FCNTL 1
| #define HAVE_GETTIMEOFDAY 1
| #define HAVE_KILL 1
| #define HAVE_LSTAT 1
| #define HAVE_PSELECT 1
| #define HAVE_READLINK 1
| #define HAVE_SELECT 1
| #define HAVE_SETITIMER 1
| #define HAVE_FNMATCH 1
| #define HAVE_MEMMOVE 1
| #define HAVE_PUTENV 1
| #define HAVE_SETENV 1
| #define HAVE_SETLOCALE 1
| #define HAVE_STRCASECMP 1
| #define HAVE_STRPBRK 1
| #define HAVE_SYSCONF 1
| #define HAVE_TCGETATTR 1
| #define HAVE_VSNPRINTF 1
| #define HAVE_ISASCII 1
| #define HAVE_ISXDIGIT 1
| #define HAVE_GETPWENT 1
| #define HAVE_GETPWNAM 1
| #define HAVE_GETPWUID 1
| #define HAVE_CHOWN 1
| #define HAVE_STRCOLL 1
| #define HAVE_FCNTL_H 1
| #define HAVE_UNISTD_H 1
| #define HAVE_STDLIB_H 1
| #define HAVE_STDARG_H 1
| #define HAVE_STDBOOL_H 1
| #define HAVE_STRING_H 1
| #define HAVE_STRINGS_H 1
| #define HAVE_LIMITS_H 1
| #define HAVE_LOCALE_H 1
| #define HAVE_PWD_H 1
| #define HAVE_MEMORY_H 1
| #define HAVE_TERMCAP_H 1
| #define HAVE_TERMIOS_H 1
| /* end confdefs.h.  */
| #include <stddef.h>
| #ifdef HAVE_STDIO_H
| # include <stdio.h>
| #endif
| #ifdef HAVE_STDLIB_H
| # include <stdlib.h>
| #endif
| #ifdef HAVE_STRING_H
| # include <string.h>
| #endif
| #ifdef HAVE_INTTYPES_H
| # include <inttypes.h>
| #endif
| #ifdef HAVE_STDINT_H
| # include <stdint.h>
| #endif
| #ifdef HAVE_STRINGS_H
| # include <strings.h>
| #endif
| #ifdef HAVE_SYS_TYPES_H
| # include <sys/types.h>
| #endif
| #ifdef HAVE_SYS_STAT_H
| # include <sys/stat.h>
| #endif
| #ifdef HAVE_UNISTD_H
| # include <unistd.h>
| #endif
| #include <termio.h>
configure:5746: result: no
configure:5753: checking for sys/ioctl.h
configure:5753: gcc -c -g -O2  conftest.c >&5
configure:5753: $? = 0
configure:5753: result: yes
configure:5759: checking for sys/pte.h
configure:5759: gcc -c -g -O2  conftest.c >&5
conftest.c:106:10: fatal error: 'sys/pte.h' file not found
#include <sys/pte.h>
         ^~~~~~~~~~~
1 error generated.
configure:5759: $? = 1
configure: failed program was:
| /* confdefs.h */
| #define PACKAGE_NAME "readline"
| #define PACKAGE_TARNAME "readline"
| #define PACKAGE_VERSION "8.2"
| #define PACKAGE_STRING "readline 8.2"
| #define PACKAGE_BUGREPORT "bug-readline@gnu.org"
| #define PACKAGE_URL ""
| #define HAVE_STDIO_H 1
| #define HAVE_STDLIB_H 1
| #define HAVE_STRING_H 1
| #define HAVE_INTTYPES_H 1
| #define HAVE_STDINT_H 1
| #define HAVE_STRINGS_H 1
| #define HAVE_SYS_STAT_H 1
| #define HAVE_SYS_TYPES_H 1
| #define HAVE_UNISTD_H 1
| #define HAVE_WCHAR_H 1
| #define STDC_HEADERS 1
| #define _ALL_SOURCE 1
| #define _DARWIN_C_SOURCE 1
| #define _GNU_SOURCE 1
| #define _HPUX_ALT_XOPEN_SOCKET_API 1
| #define _NETBSD_SOURCE 1
| #define _OPENBSD_SOURCE 1
| #define _POSIX_PTHREAD_SEMANTICS 1
| #define __STDC_WANT_IEC_60559_ATTRIBS_EXT__ 1
| #define __STDC_WANT_IEC_60559_BFP_EXT__ 1
| #define __STDC_WANT_IEC_60559_DFP_EXT__ 1
| #define __STDC_WANT_IEC_60559_FUNCS_EXT__ 1
| #define __STDC_WANT_IEC_60559_TYPES_EXT__ 1
| #define __STDC_WANT_LIB_EXT2__ 1
| #define __STDC_WANT_MATH_SPEC_FUNCS__ 1
| #define _TANDEM_SOURCE 1
| #define __EXTENSIONS__ 1
| #define PROTOTYPES 1
| #define __PROTOTYPES 1
| #define HAVE_DIRENT_H 1
| #define HAVE_FCNTL 1
| #define HAVE_GETTIMEOFDAY 1
| #define HAVE_KILL 1
| #define HAVE_LSTAT 1
| #define HAVE_PSELECT 1
| #define HAVE_READLINK 1
| #define HAVE_SELECT 1
| #define HAVE_SETITIMER 1
| #define HAVE_FNMATCH 1
| #define HAVE_MEMMOVE 1
| #define HAVE_PUTENV 1
| #define HAVE_SETENV 1
| #define HAVE_SETLOCALE 1
| #define HAVE_STRCASECMP 1
| #define HAVE_STRPBRK 1
| #define HAVE_SYSCONF 1
| #define HAVE_TCGETATTR 1
| #define HAVE_VSNPRINTF 1
| #define HAVE_ISASCII 1
| #define HAVE_ISXDIGIT 1
| #define HAVE_GETPWENT 1
| #define HAVE_GETPWNAM 1
| #define HAVE_GETPWUID 1
| #define HAVE_CHOWN 1
| #define HAVE_STRCOLL 1
| #define HAVE_FCNTL_H 1
| #define HAVE_UNISTD_H 1
| #define HAVE_STDLIB_H 1
| #define HAVE_STDARG_H 1
| #define HAVE_STDBOOL_H 1
| #define HAVE_STRING_H 1
| #define HAVE_STRINGS_H 1
| #define HAVE_LIMITS_H 1
| #define HAVE_LOCALE_H 1
| #define HAVE_PWD_H 1
| #define HAVE_MEMORY_H 1
| #define HAVE_TERMCAP_H 1
| #define HAVE_TERMIOS_H 1
| #define HAVE_SYS_IOCTL_H 1
| /* end confdefs.h.  */
| #include <stddef.h>
| #ifdef HAVE_STDIO_H
| # include <stdio.h>
| #endif
| #ifdef HAVE_STDLIB_H
| # include <stdlib.h>
| #endif
| #ifdef HAVE_STRING_H
| # include <string.h>
| #endif
| #ifdef HAVE_INTTYPES_H
| # include <inttypes.h>
| #endif
| #ifdef HAVE_STDINT_H
| # include <stdint.h>
| #endif
| #ifdef HAVE_STRINGS_H
| # include <strings.h>
| #endif
| #ifdef HAVE_SYS_TYPES_H
| # include <sys/types.h>
| #endif
| #ifdef HAVE_SYS_STAT_H
| # include <sys/stat.h>
| #endif
| #ifdef HAVE_UNISTD_H
| # include <unistd.h>
| #endif
| #include <sys/pte.h>
configure:5759: result: no
configure:5765: checking for sys/stream.h
configure:5765: gcc -c -g -O2  conftest.c >&5
conftest.c:106:10: fatal error: 'sys/stream.h' file not found
#include <sys/stream.h>
         ^~~~~~~~~~~~~~
1 error generated.
configure:5765: $? = 1
configure: failed program was:
| /* confdefs.h */
| #define PACKAGE_NAME "readline"
| #define PACKAGE_TARNAME "readline"
| #define PACKAGE_VERSION "8.2"
| #define PACKAGE_STRING "readline 8.2"
| #define PACKAGE_BUGREPORT "bug-readline@gnu.org"
| #define PACKAGE_URL ""
| #define HAVE_STDIO_H 1
| #define HAVE_STDLIB_H 1
| #define HAVE_STRING_H 1
| #define HAVE_INTTYPES_H 1
| #define HAVE_STDINT_H 1
| #define HAVE_STRINGS_H 1
| #define HAVE_SYS_STAT_H 1
| #define HAVE_SYS_TYPES_H 1
| #define HAVE_UNISTD_H 1
| #define HAVE_WCHAR_H 1
| #define STDC_HEADERS 1
| #define _ALL_SOURCE 1
| #define _DARWIN_C_SOURCE 1
| #define _GNU_SOURCE 1
| #define _HPUX_ALT_XOPEN_SOCKET_API 1
| #define _NETBSD_SOURCE 1
| #define _OPENBSD_SOURCE 1
| #define _POSIX_PTHREAD_SEMANTICS 1
| #define __STDC_WANT_IEC_60559_ATTRIBS_EXT__ 1
| #define __STDC_WANT_IEC_60559_BFP_EXT__ 1
| #define __STDC_WANT_IEC_60559_DFP_EXT__ 1
| #define __STDC_WANT_IEC_60559_FUNCS_EXT__ 1
| #define __STDC_WANT_IEC_60559_TYPES_EXT__ 1
| #define __STDC_WANT_LIB_EXT2__ 1
| #define __STDC_WANT_MATH_SPEC_FUNCS__ 1
| #define _TANDEM_SOURCE 1
| #define __EXTENSIONS__ 1
| #define PROTOTYPES 1
| #define __PROTOTYPES 1
| #define HAVE_DIRENT_H 1
| #define HAVE_FCNTL 1
| #define HAVE_GETTIMEOFDAY 1
| #define HAVE_KILL 1
| #define HAVE_LSTAT 1
| #define HAVE_PSELECT 1
| #define HAVE_READLINK 1
| #define HAVE_SELECT 1
| #define HAVE_SETITIMER 1
| #define HAVE_FNMATCH 1
| #define HAVE_MEMMOVE 1
| #define HAVE_PUTENV 1
| #define HAVE_SETENV 1
| #define HAVE_SETLOCALE 1
| #define HAVE_STRCASECMP 1
| #define HAVE_STRPBRK 1
| #define HAVE_SYSCONF 1
| #define HAVE_TCGETATTR 1
| #define HAVE_VSNPRINTF 1
| #define HAVE_ISASCII 1
| #define HAVE_ISXDIGIT 1
| #define HAVE_GETPWENT 1
| #define HAVE_GETPWNAM 1
| #define HAVE_GETPWUID 1
| #define HAVE_CHOWN 1
| #define HAVE_STRCOLL 1
| #define HAVE_FCNTL_H 1
| #define HAVE_UNISTD_H 1
| #define HAVE_STDLIB_H 1
| #define HAVE_STDARG_H 1
| #define HAVE_STDBOOL_H 1
| #define HAVE_STRING_H 1
| #define HAVE_STRINGS_H 1
| #define HAVE_LIMITS_H 1
| #define HAVE_LOCALE_H 1
| #define HAVE_PWD_H 1
| #define HAVE_MEMORY_H 1
| #define HAVE_TERMCAP_H 1
| #define HAVE_TERMIOS_H 1
| #define HAVE_SYS_IOCTL_H 1
| /* end confdefs.h.  */
| #include <stddef.h>
| #ifdef HAVE_STDIO_H
| # include <stdio.h>
| #endif
| #ifdef HAVE_STDLIB_H
| # include <stdlib.h>
| #endif
| #ifdef HAVE_STRING_H
| # include <string.h>
| #endif
| #ifdef HAVE_INTTYPES_H
| # include <inttypes.h>
| #endif
| #ifdef HAVE_STDINT_H
| # include <stdint.h>
| #endif
| #ifdef HAVE_STRINGS_H
| # include <strings.h>
| #endif
| #ifdef HAVE_SYS_TYPES_H
| # include <sys/types.h>
| #endif
| #ifdef HAVE_SYS_STAT_H
| # include <sys/stat.h>
| #endif
| #ifdef HAVE_UNISTD_H
| # include <unistd.h>
| #endif
| #include <sys/stream.h>
configure:5765: result: no
configure:5771: checking for sys/select.h
configure:5771: gcc -c -g -O2  conftest.c >&5
configure:5771: $? = 0
configure:5771: result: yes
configure:5777: checking for sys/time.h
configure:5777: gcc -c -g -O2  conftest.c >&5
configure:5777: $? = 0
configure:5777: result: yes
configure:5783: checking for sys/file.h
configure:5783: gcc -c -g -O2  conftest.c >&5
configure:5783: $? = 0
configure:5783: result: yes
configure:5791: checking for sys/ptem.h
configure:5791: gcc -c -g -O2  conftest.c >&5
conftest.c:87:10: fatal error: 'sys/ptem.h' file not found
#include <sys/ptem.h>
         ^~~~~~~~~~~~
1 error generated.
configure:5791: $? = 1
configure: failed program was:
| /* confdefs.h */
| #define PACKAGE_NAME "readline"
| #define PACKAGE_TARNAME "readline"
| #define PACKAGE_VERSION "8.2"
| #define PACKAGE_STRING "readline 8.2"
| #define PACKAGE_BUGREPORT "bug-readline@gnu.org"
| #define PACKAGE_URL ""
| #define HAVE_STDIO_H 1
| #define HAVE_STDLIB_H 1
| #define HAVE_STRING_H 1
| #define HAVE_INTTYPES_H 1
| #define HAVE_STDINT_H 1
| #define HAVE_STRINGS_H 1
| #define HAVE_SYS_STAT_H 1
| #define HAVE_SYS_TYPES_H 1
| #define HAVE_UNISTD_H 1
| #define HAVE_WCHAR_H 1
| #define STDC_HEADERS 1
| #define _ALL_SOURCE 1
| #define _DARWIN_C_SOURCE 1
| #define _GNU_SOURCE 1
| #define _HPUX_ALT_XOPEN_SOCKET_API 1
| #define _NETBSD_SOURCE 1
| #define _OPENBSD_SOURCE 1
| #define _POSIX_PTHREAD_SEMANTICS 1
| #define __STDC_WANT_IEC_60559_ATTRIBS_EXT__ 1
| #define __STDC_WANT_IEC_60559_BFP_EXT__ 1
| #define __STDC_WANT_IEC_60559_DFP_EXT__ 1
| #define __STDC_WANT_IEC_60559_FUNCS_EXT__ 1
| #define __STDC_WANT_IEC_60559_TYPES_EXT__ 1
| #define __STDC_WANT_LIB_EXT2__ 1
| #define __STDC_WANT_MATH_SPEC_FUNCS__ 1
| #define _TANDEM_SOURCE 1
| #define __EXTENSIONS__ 1
| #define PROTOTYPES 1
| #define __PROTOTYPES 1
| #define HAVE_DIRENT_H 1
| #define HAVE_FCNTL 1
| #define HAVE_GETTIMEOFDAY 1
| #define HAVE_KILL 1
| #define HAVE_LSTAT 1
| #define HAVE_PSELECT 1
| #define HAVE_READLINK 1
| #define HAVE_SELECT 1
| #define HAVE_SETITIMER 1
| #define HAVE_FNMATCH 1
| #define HAVE_MEMMOVE 1
| #define HAVE_PUTENV 1
| #define HAVE_SETENV 1
| #define HAVE_SETLOCALE 1
| #define HAVE_STRCASECMP 1
| #define HAVE_STRPBRK 1
| #define HAVE_SYSCONF 1
| #define HAVE_TCGETATTR 1
| #define HAVE_VSNPRINTF 1
| #define HAVE_ISASCII 1
| #define HAVE_ISXDIGIT 1
| #define HAVE_GETPWENT 1
| #define HAVE_GETPWNAM 1
| #define HAVE_GETPWUID 1
| #define HAVE_CHOWN 1
| #define HAVE_STRCOLL 1
| #define HAVE_FCNTL_H 1
| #define HAVE_UNISTD_H 1
| #define HAVE_STDLIB_H 1
| #define HAVE_STDARG_H 1
| #define HAVE_STDBOOL_H 1
| #define HAVE_STRING_H 1
| #define HAVE_STRINGS_H 1
| #define HAVE_LIMITS_H 1
| #define HAVE_LOCALE_H 1
| #define HAVE_PWD_H 1
| #define HAVE_MEMORY_H 1
| #define HAVE_TERMCAP_H 1
| #define HAVE_TERMIOS_H 1
| #define HAVE_SYS_IOCTL_H 1
| #define HAVE_SYS_SELECT_H 1
| #define HAVE_SYS_TIME_H 1
| #define HAVE_SYS_FILE_H 1
| /* end confdefs.h.  */
| 
| #if HAVE_SYS_STREAM_H
| #  include <sys/stream.h>
| #endif
| 
| 
| #include <sys/ptem.h>
configure:5791: result: no
configure:5812: checking for special C compiler options needed for large files
configure:5860: result: no
configure:5866: checking for _FILE_OFFSET_BITS value needed for large files
configure:5892: gcc -c -g -O2  conftest.c >&5
configure:5892: $? = 0
configure:5926: result: no
configure:6009: checking for type of signal functions
configure:6039: gcc -o conftest -g -O2   conftest.c  >&5
configure:6039: $? = 0
configure:6133: result: posix
configure:6147: checking if signal handlers must be reinstalled when invoked
configure:6209: gcc -o conftest -g -O2   conftest.c  >&5
configure:6209: $? = 0
configure:6209: ./conftest
configure:6209: $? = 0
configure:6221: result: no
configure:6230: checking for presence of POSIX-style sigsetjmp/siglongjmp
configure:6300: gcc -o conftest -g -O2   conftest.c  >&5
configure:6300: $? = 0
configure:6300: ./conftest
configure:6300: $? = 0
configure:6312: result: present
configure:6319: checking for lstat
configure:6339: gcc -o conftest -g -O2   conftest.c  >&5
configure:6339: $? = 0
configure:6348: result: yes
configure:6355: checking whether or not strcoll and strcmp differ
configure:6410: gcc -o conftest -g -O2   conftest.c  >&5
configure:6410: $? = 0
configure:6410: ./conftest
configure:6410: $? = 1
configure: program exited with status 1
configure: failed program was:
| /* confdefs.h */
| #define PACKAGE_NAME "readline"
| #define PACKAGE_TARNAME "readline"
| #define PACKAGE_VERSION "8.2"
| #define PACKAGE_STRING "readline 8.2"
| #define PACKAGE_BUGREPORT "bug-readline@gnu.org"
| #define PACKAGE_URL ""
| #define HAVE_STDIO_H 1
| #define HAVE_STDLIB_H 1
| #define HAVE_STRING_H 1
| #define HAVE_INTTYPES_H 1
| #define HAVE_STDINT_H 1
| #define HAVE_STRINGS_H 1
| #define HAVE_SYS_STAT_H 1
| #define HAVE_SYS_TYPES_H 1
| #define HAVE_UNISTD_H 1
| #define HAVE_WCHAR_H 1
| #define STDC_HEADERS 1
| #define _ALL_SOURCE 1
| #define _DARWIN_C_SOURCE 1
| #define _GNU_SOURCE 1
| #define _HPUX_ALT_XOPEN_SOCKET_API 1
| #define _NETBSD_SOURCE 1
| #define _OPENBSD_SOURCE 1
| #define _POSIX_PTHREAD_SEMANTICS 1
| #define __STDC_WANT_IEC_60559_ATTRIBS_EXT__ 1
| #define __STDC_WANT_IEC_60559_BFP_EXT__ 1
| #define __STDC_WANT_IEC_60559_DFP_EXT__ 1
| #define __STDC_WANT_IEC_60559_FUNCS_EXT__ 1
| #define __STDC_WANT_IEC_60559_TYPES_EXT__ 1
| #define __STDC_WANT_LIB_EXT2__ 1
| #define __STDC_WANT_MATH_SPEC_FUNCS__ 1
| #define _TANDEM_SOURCE 1
| #define __EXTENSIONS__ 1
| #define PROTOTYPES 1
| #define __PROTOTYPES 1
| #define HAVE_DIRENT_H 1
| #define HAVE_FCNTL 1
| #define HAVE_GETTIMEOFDAY 1
| #define HAVE_KILL 1
| #define HAVE_LSTAT 1
| #define HAVE_PSELECT 1
| #define HAVE_READLINK 1
| #define HAVE_SELECT 1
| #define HAVE_SETITIMER 1
| #define HAVE_FNMATCH 1
| #define HAVE_MEMMOVE 1
| #define HAVE_PUTENV 1
| #define HAVE_SETENV 1
| #define HAVE_SETLOCALE 1
| #define HAVE_STRCASECMP 1
| #define HAVE_STRPBRK 1
| #define HAVE_SYSCONF 1
| #define HAVE_TCGETATTR 1
| #define HAVE_VSNPRINTF 1
| #define HAVE_ISASCII 1
| #define HAVE_ISXDIGIT 1
| #define HAVE_GETPWENT 1
| #define HAVE_GETPWNAM 1
| #define HAVE_GETPWUID 1
| #define HAVE_CHOWN 1
| #define HAVE_STRCOLL 1
| #define HAVE_FCNTL_H 1
| #define HAVE_UNISTD_H 1
| #define HAVE_STDLIB_H 1
| #define HAVE_STDARG_H 1
| #define HAVE_STDBOOL_H 1
| #define HAVE_STRING_H 1
| #define HAVE_STRINGS_H 1
| #define HAVE_LIMITS_H 1
| #define HAVE_LOCALE_H 1
| #define HAVE_PWD_H 1
| #define HAVE_MEMORY_H 1
| #define HAVE_TERMCAP_H 1
| #define HAVE_TERMIOS_H 1
| #define HAVE_SYS_IOCTL_H 1
| #define HAVE_SYS_SELECT_H 1
| #define HAVE_SYS_TIME_H 1
| #define HAVE_SYS_FILE_H 1
| #define HAVE_POSIX_SIGNALS 1
| #define HAVE_POSIX_SIGSETJMP 1
| #define HAVE_LSTAT 1
| /* end confdefs.h.  */
| 
| #include <stdio.h>
| #if defined (HAVE_LOCALE_H)
| #include <locale.h>
| #endif
| #include <string.h>
| #include <stdlib.h>
| 
| int
| main(c, v)
| int     c;
| char    *v[];
| {
|         int     r1, r2;
|         char    *deflocale, *defcoll;
| 
| #ifdef HAVE_SETLOCALE
|         deflocale = setlocale(LC_ALL, "");
| 	defcoll = setlocale(LC_COLLATE, "");
| #endif
| 
| #ifdef HAVE_STRCOLL
| 	/* These two values are taken from tests/glob-test. */
|         r1 = strcoll("abd", "aXd");
| #else
| 	r1 = 0;
| #endif
|         r2 = strcmp("abd", "aXd");
| 
| 	/* These two should both be greater than 0.  It is permissible for
| 	   a system to return different values, as long as the sign is the
| 	   same. */
| 
|         /* Exit with 1 (failure) if these two values are both > 0, since
| 	   this tests whether strcoll(3) is broken with respect to strcmp(3)
| 	   in the default locale. */
| 	exit (r1 > 0 && r2 > 0);
| }
| 
configure:6422: result: no
configure:6430: checking whether getpw functions are declared in pwd.h
configure:6457: result: yes
configure:6465: checking whether termios.h defines TIOCGWINSZ
configure:6490: result: yes
configure:6531: checking for inttypes.h
configure:6531: result: yes
configure:6539: checking for sig_atomic_t in signal.h
configure:6556: gcc -o conftest -g -O2   conftest.c  >&5
configure:6556: $? = 0
configure:6565: result: yes
configure:6617: checking for TIOCSTAT in sys/ioctl.h
configure:6636: gcc -c -g -O2  conftest.c >&5
configure:6636: $? = 0
configure:6646: result: yes
configure:6653: checking for FIONREAD in sys/ioctl.h
configure:6672: gcc -c -g -O2  conftest.c >&5
configure:6672: $? = 0
configure:6682: result: yes
configure:6689: checking for speed_t in sys/types.h
configure:6706: gcc -c -g -O2  conftest.c >&5
conftest.c:92:1: error: use of undeclared identifier 'speed_t'
speed_t x;
^
1 error generated.
configure:6706: $? = 1
configure: failed program was:
| /* confdefs.h */
| #define PACKAGE_NAME "readline"
| #define PACKAGE_TARNAME "readline"
| #define PACKAGE_VERSION "8.2"
| #define PACKAGE_STRING "readline 8.2"
| #define PACKAGE_BUGREPORT "bug-readline@gnu.org"
| #define PACKAGE_URL ""
| #define HAVE_STDIO_H 1
| #define HAVE_STDLIB_H 1
| #define HAVE_STRING_H 1
| #define HAVE_INTTYPES_H 1
| #define HAVE_STDINT_H 1
| #define HAVE_STRINGS_H 1
| #define HAVE_SYS_STAT_H 1
| #define HAVE_SYS_TYPES_H 1
| #define HAVE_UNISTD_H 1
| #define HAVE_WCHAR_H 1
| #define STDC_HEADERS 1
| #define _ALL_SOURCE 1
| #define _DARWIN_C_SOURCE 1
| #define _GNU_SOURCE 1
| #define _HPUX_ALT_XOPEN_SOCKET_API 1
| #define _NETBSD_SOURCE 1
| #define _OPENBSD_SOURCE 1
| #define _POSIX_PTHREAD_SEMANTICS 1
| #define __STDC_WANT_IEC_60559_ATTRIBS_EXT__ 1
| #define __STDC_WANT_IEC_60559_BFP_EXT__ 1
| #define __STDC_WANT_IEC_60559_DFP_EXT__ 1
| #define __STDC_WANT_IEC_60559_FUNCS_EXT__ 1
| #define __STDC_WANT_IEC_60559_TYPES_EXT__ 1
| #define __STDC_WANT_LIB_EXT2__ 1
| #define __STDC_WANT_MATH_SPEC_FUNCS__ 1
| #define _TANDEM_SOURCE 1
| #define __EXTENSIONS__ 1
| #define PROTOTYPES 1
| #define __PROTOTYPES 1
| #define HAVE_DIRENT_H 1
| #define HAVE_FCNTL 1
| #define HAVE_GETTIMEOFDAY 1
| #define HAVE_KILL 1
| #define HAVE_LSTAT 1
| #define HAVE_PSELECT 1
| #define HAVE_READLINK 1
| #define HAVE_SELECT 1
| #define HAVE_SETITIMER 1
| #define HAVE_FNMATCH 1
| #define HAVE_MEMMOVE 1
| #define HAVE_PUTENV 1
| #define HAVE_SETENV 1
| #define HAVE_SETLOCALE 1
| #define HAVE_STRCASECMP 1
| #define HAVE_STRPBRK 1
| #define HAVE_SYSCONF 1
| #define HAVE_TCGETATTR 1
| #define HAVE_VSNPRINTF 1
| #define HAVE_ISASCII 1
| #define HAVE_ISXDIGIT 1
| #define HAVE_GETPWENT 1
| #define HAVE_GETPWNAM 1
| #define HAVE_GETPWUID 1
| #define HAVE_CHOWN 1
| #define HAVE_STRCOLL 1
| #define HAVE_FCNTL_H 1
| #define HAVE_UNISTD_H 1
| #define HAVE_STDLIB_H 1
| #define HAVE_STDARG_H 1
| #define HAVE_STDBOOL_H 1
| #define HAVE_STRING_H 1
| #define HAVE_STRINGS_H 1
| #define HAVE_LIMITS_H 1
| #define HAVE_LOCALE_H 1
| #define HAVE_PWD_H 1
| #define HAVE_MEMORY_H 1
| #define HAVE_TERMCAP_H 1
| #define HAVE_TERMIOS_H 1
| #define HAVE_SYS_IOCTL_H 1
| #define HAVE_SYS_SELECT_H 1
| #define HAVE_SYS_TIME_H 1
| #define HAVE_SYS_FILE_H 1
| #define HAVE_POSIX_SIGNALS 1
| #define HAVE_POSIX_SIGSETJMP 1
| #define HAVE_LSTAT 1
| #define HAVE_GETPW_DECLS 1
| #define HAVE_INTTYPES_H 1
| #define TIOCSTAT_IN_SYS_IOCTL 1
| #define FIONREAD_IN_SYS_IOCTL 1
| /* end confdefs.h.  */
| #include <sys/types.h>
| int
| main (void)
| {
| speed_t x;
|   ;
|   return 0;
| }
configure:6715: result: no
configure:6722: checking for struct winsize in sys/ioctl.h and termios.h
configure:6750: gcc -c -g -O2  conftest.c >&5
configure:6750: $? = 0
configure:6782: gcc -c -g -O2  conftest.c >&5
configure:6782: $? = 0
configure:6805: result: sys/ioctl.h
configure:6820: checking for struct dirent.d_ino
configure:6828: checking for struct dirent.d_ino
configure:6828: gcc -c -g -O2  conftest.c >&5
configure:6828: $? = 0
configure:6828: result: yes
configure:6863: result: yes
configure:6871: checking for struct dirent.d_fileno
configure:6879: checking for struct dirent.d_fileno
configure:6879: gcc -c -g -O2  conftest.c >&5
configure:6879: $? = 0
configure:6879: result: yes
configure:6914: result: yes
configure:6921: checking for struct timeval in sys/time.h and time.h
configure:6943: gcc -c -g -O2  conftest.c >&5
configure:6943: $? = 0
configure:6953: result: yes
configure:6961: checking for libaudit.h
configure:6961: gcc -c -g -O2  conftest.c >&5
conftest.c:122:10: fatal error: 'libaudit.h' file not found
#include <libaudit.h>
         ^~~~~~~~~~~~
1 error generated.
configure:6961: $? = 1
configure: failed program was:
| /* confdefs.h */
| #define PACKAGE_NAME "readline"
| #define PACKAGE_TARNAME "readline"
| #define PACKAGE_VERSION "8.2"
| #define PACKAGE_STRING "readline 8.2"
| #define PACKAGE_BUGREPORT "bug-readline@gnu.org"
| #define PACKAGE_URL ""
| #define HAVE_STDIO_H 1
| #define HAVE_STDLIB_H 1
| #define HAVE_STRING_H 1
| #define HAVE_INTTYPES_H 1
| #define HAVE_STDINT_H 1
| #define HAVE_STRINGS_H 1
| #define HAVE_SYS_STAT_H 1
| #define HAVE_SYS_TYPES_H 1
| #define HAVE_UNISTD_H 1
| #define HAVE_WCHAR_H 1
| #define STDC_HEADERS 1
| #define _ALL_SOURCE 1
| #define _DARWIN_C_SOURCE 1
| #define _GNU_SOURCE 1
| #define _HPUX_ALT_XOPEN_SOCKET_API 1
| #define _NETBSD_SOURCE 1
| #define _OPENBSD_SOURCE 1
| #define _POSIX_PTHREAD_SEMANTICS 1
| #define __STDC_WANT_IEC_60559_ATTRIBS_EXT__ 1
| #define __STDC_WANT_IEC_60559_BFP_EXT__ 1
| #define __STDC_WANT_IEC_60559_DFP_EXT__ 1
| #define __STDC_WANT_IEC_60559_FUNCS_EXT__ 1
| #define __STDC_WANT_IEC_60559_TYPES_EXT__ 1
| #define __STDC_WANT_LIB_EXT2__ 1
| #define __STDC_WANT_MATH_SPEC_FUNCS__ 1
| #define _TANDEM_SOURCE 1
| #define __EXTENSIONS__ 1
| #define PROTOTYPES 1
| #define __PROTOTYPES 1
| #define HAVE_DIRENT_H 1
| #define HAVE_FCNTL 1
| #define HAVE_GETTIMEOFDAY 1
| #define HAVE_KILL 1
| #define HAVE_LSTAT 1
| #define HAVE_PSELECT 1
| #define HAVE_READLINK 1
| #define HAVE_SELECT 1
| #define HAVE_SETITIMER 1
| #define HAVE_FNMATCH 1
| #define HAVE_MEMMOVE 1
| #define HAVE_PUTENV 1
| #define HAVE_SETENV 1
| #define HAVE_SETLOCALE 1
| #define HAVE_STRCASECMP 1
| #define HAVE_STRPBRK 1
| #define HAVE_SYSCONF 1
| #define HAVE_TCGETATTR 1
| #define HAVE_VSNPRINTF 1
| #define HAVE_ISASCII 1
| #define HAVE_ISXDIGIT 1
| #define HAVE_GETPWENT 1
| #define HAVE_GETPWNAM 1
| #define HAVE_GETPWUID 1
| #define HAVE_CHOWN 1
| #define HAVE_STRCOLL 1
| #define HAVE_FCNTL_H 1
| #define HAVE_UNISTD_H 1
| #define HAVE_STDLIB_H 1
| #define HAVE_STDARG_H 1
| #define HAVE_STDBOOL_H 1
| #define HAVE_STRING_H 1
| #define HAVE_STRINGS_H 1
| #define HAVE_LIMITS_H 1
| #define HAVE_LOCALE_H 1
| #define HAVE_PWD_H 1
| #define HAVE_MEMORY_H 1
| #define HAVE_TERMCAP_H 1
| #define HAVE_TERMIOS_H 1
| #define HAVE_SYS_IOCTL_H 1
| #define HAVE_SYS_SELECT_H 1
| #define HAVE_SYS_TIME_H 1
| #define HAVE_SYS_FILE_H 1
| #define HAVE_POSIX_SIGNALS 1
| #define HAVE_POSIX_SIGSETJMP 1
| #define HAVE_LSTAT 1
| #define HAVE_GETPW_DECLS 1
| #define HAVE_INTTYPES_H 1
| #define TIOCSTAT_IN_SYS_IOCTL 1
| #define FIONREAD_IN_SYS_IOCTL 1
| #define STRUCT_WINSIZE_IN_SYS_IOCTL 1
| #define HAVE_STRUCT_DIRENT_D_INO 1
| #define HAVE_STRUCT_DIRENT_D_INO 1
| #define HAVE_STRUCT_DIRENT_D_FILENO 1
| #define HAVE_STRUCT_DIRENT_D_FILENO 1
| #define HAVE_TIMEVAL 1
| /* end confdefs.h.  */
| #include <stddef.h>
| #ifdef HAVE_STDIO_H
| # include <stdio.h>
| #endif
| #ifdef HAVE_STDLIB_H
| # include <stdlib.h>
| #endif
| #ifdef HAVE_STRING_H
| # include <string.h>
| #endif
| #ifdef HAVE_INTTYPES_H
| # include <inttypes.h>
| #endif
| #ifdef HAVE_STDINT_H
| # include <stdint.h>
| #endif
| #ifdef HAVE_STRINGS_H
| # include <strings.h>
| #endif
| #ifdef HAVE_SYS_TYPES_H
| # include <sys/types.h>
| #endif
| #ifdef HAVE_SYS_STAT_H
| # include <sys/stat.h>
| #endif
| #ifdef HAVE_UNISTD_H
| # include <unistd.h>
| #endif
| #include <libaudit.h>
configure:6961: result: no
configure:6968: checking for gcc options needed to detect all undeclared functions
configure:6990: gcc -c -g -O2   conftest.c >&5
conftest.c:98:8: error: implicitly declaring library function 'strchr' with type 'char *(const char *, int)' [-Werror,-Wimplicit-function-declaration]
(void) strchr;
       ^
conftest.c:98:8: note: include the header <string.h> or explicitly provide a declaration for 'strchr'
1 error generated.
configure:6990: $? = 1
configure: failed program was:
| /* confdefs.h */
| #define PACKAGE_NAME "readline"
| #define PACKAGE_TARNAME "readline"
| #define PACKAGE_VERSION "8.2"
| #define PACKAGE_STRING "readline 8.2"
| #define PACKAGE_BUGREPORT "bug-readline@gnu.org"
| #define PACKAGE_URL ""
| #define HAVE_STDIO_H 1
| #define HAVE_STDLIB_H 1
| #define HAVE_STRING_H 1
| #define HAVE_INTTYPES_H 1
| #define HAVE_STDINT_H 1
| #define HAVE_STRINGS_H 1
| #define HAVE_SYS_STAT_H 1
| #define HAVE_SYS_TYPES_H 1
| #define HAVE_UNISTD_H 1
| #define HAVE_WCHAR_H 1
| #define STDC_HEADERS 1
| #define _ALL_SOURCE 1
| #define _DARWIN_C_SOURCE 1
| #define _GNU_SOURCE 1
| #define _HPUX_ALT_XOPEN_SOCKET_API 1
| #define _NETBSD_SOURCE 1
| #define _OPENBSD_SOURCE 1
| #define _POSIX_PTHREAD_SEMANTICS 1
| #define __STDC_WANT_IEC_60559_ATTRIBS_EXT__ 1
| #define __STDC_WANT_IEC_60559_BFP_EXT__ 1
| #define __STDC_WANT_IEC_60559_DFP_EXT__ 1
| #define __STDC_WANT_IEC_60559_FUNCS_EXT__ 1
| #define __STDC_WANT_IEC_60559_TYPES_EXT__ 1
| #define __STDC_WANT_LIB_EXT2__ 1
| #define __STDC_WANT_MATH_SPEC_FUNCS__ 1
| #define _TANDEM_SOURCE 1
| #define __EXTENSIONS__ 1
| #define PROTOTYPES 1
| #define __PROTOTYPES 1
| #define HAVE_DIRENT_H 1
| #define HAVE_FCNTL 1
| #define HAVE_GETTIMEOFDAY 1
| #define HAVE_KILL 1
| #define HAVE_LSTAT 1
| #define HAVE_PSELECT 1
| #define HAVE_READLINK 1
| #define HAVE_SELECT 1
| #define HAVE_SETITIMER 1
| #define HAVE_FNMATCH 1
| #define HAVE_MEMMOVE 1
| #define HAVE_PUTENV 1
| #define HAVE_SETENV 1
| #define HAVE_SETLOCALE 1
| #define HAVE_STRCASECMP 1
| #define HAVE_STRPBRK 1
| #define HAVE_SYSCONF 1
| #define HAVE_TCGETATTR 1
| #define HAVE_VSNPRINTF 1
| #define HAVE_ISASCII 1
| #define HAVE_ISXDIGIT 1
| #define HAVE_GETPWENT 1
| #define HAVE_GETPWNAM 1
| #define HAVE_GETPWUID 1
| #define HAVE_CHOWN 1
| #define HAVE_STRCOLL 1
| #define HAVE_FCNTL_H 1
| #define HAVE_UNISTD_H 1
| #define HAVE_STDLIB_H 1
| #define HAVE_STDARG_H 1
| #define HAVE_STDBOOL_H 1
| #define HAVE_STRING_H 1
| #define HAVE_STRINGS_H 1
| #define HAVE_LIMITS_H 1
| #define HAVE_LOCALE_H 1
| #define HAVE_PWD_H 1
| #define HAVE_MEMORY_H 1
| #define HAVE_TERMCAP_H 1
| #define HAVE_TERMIOS_H 1
| #define HAVE_SYS_IOCTL_H 1
| #define HAVE_SYS_SELECT_H 1
| #define HAVE_SYS_TIME_H 1
| #define HAVE_SYS_FILE_H 1
| #define HAVE_POSIX_SIGNALS 1
| #define HAVE_POSIX_SIGSETJMP 1
| #define HAVE_LSTAT 1
| #define HAVE_GETPW_DECLS 1
| #define HAVE_INTTYPES_H 1
| #define TIOCSTAT_IN_SYS_IOCTL 1
| #define FIONREAD_IN_SYS_IOCTL 1
| #define STRUCT_WINSIZE_IN_SYS_IOCTL 1
| #define HAVE_STRUCT_DIRENT_D_INO 1
| #define HAVE_STRUCT_DIRENT_D_INO 1
| #define HAVE_STRUCT_DIRENT_D_FILENO 1
| #define HAVE_STRUCT_DIRENT_D_FILENO 1
| #define HAVE_TIMEVAL 1
| /* end confdefs.h.  */
| 
| int
| main (void)
| {
| (void) strchr;
|   ;
|   return 0;
| }
configure:7017: gcc -c -g -O2   conftest.c >&5
configure:7017: $? = 0
configure:7034: result: none needed
configure:7048: checking whether AUDIT_USER_TTY is declared
configure:7048: gcc -c -g -O2   conftest.c >&5
conftest.c:94:10: fatal error: 'linux/audit.h' file not found
#include <linux/audit.h>
         ^~~~~~~~~~~~~~~
1 error generated.
configure:7048: $? = 1
configure: failed program was:
| /* confdefs.h */
| #define PACKAGE_NAME "readline"
| #define PACKAGE_TARNAME "readline"
| #define PACKAGE_VERSION "8.2"
| #define PACKAGE_STRING "readline 8.2"
| #define PACKAGE_BUGREPORT "bug-readline@gnu.org"
| #define PACKAGE_URL ""
| #define HAVE_STDIO_H 1
| #define HAVE_STDLIB_H 1
| #define HAVE_STRING_H 1
| #define HAVE_INTTYPES_H 1
| #define HAVE_STDINT_H 1
| #define HAVE_STRINGS_H 1
| #define HAVE_SYS_STAT_H 1
| #define HAVE_SYS_TYPES_H 1
| #define HAVE_UNISTD_H 1
| #define HAVE_WCHAR_H 1
| #define STDC_HEADERS 1
| #define _ALL_SOURCE 1
| #define _DARWIN_C_SOURCE 1
| #define _GNU_SOURCE 1
| #define _HPUX_ALT_XOPEN_SOCKET_API 1
| #define _NETBSD_SOURCE 1
| #define _OPENBSD_SOURCE 1
| #define _POSIX_PTHREAD_SEMANTICS 1
| #define __STDC_WANT_IEC_60559_ATTRIBS_EXT__ 1
| #define __STDC_WANT_IEC_60559_BFP_EXT__ 1
| #define __STDC_WANT_IEC_60559_DFP_EXT__ 1
| #define __STDC_WANT_IEC_60559_FUNCS_EXT__ 1
| #define __STDC_WANT_IEC_60559_TYPES_EXT__ 1
| #define __STDC_WANT_LIB_EXT2__ 1
| #define __STDC_WANT_MATH_SPEC_FUNCS__ 1
| #define _TANDEM_SOURCE 1
| #define __EXTENSIONS__ 1
| #define PROTOTYPES 1
| #define __PROTOTYPES 1
| #define HAVE_DIRENT_H 1
| #define HAVE_FCNTL 1
| #define HAVE_GETTIMEOFDAY 1
| #define HAVE_KILL 1
| #define HAVE_LSTAT 1
| #define HAVE_PSELECT 1
| #define HAVE_READLINK 1
| #define HAVE_SELECT 1
| #define HAVE_SETITIMER 1
| #define HAVE_FNMATCH 1
| #define HAVE_MEMMOVE 1
| #define HAVE_PUTENV 1
| #define HAVE_SETENV 1
| #define HAVE_SETLOCALE 1
| #define HAVE_STRCASECMP 1
| #define HAVE_STRPBRK 1
| #define HAVE_SYSCONF 1
| #define HAVE_TCGETATTR 1
| #define HAVE_VSNPRINTF 1
| #define HAVE_ISASCII 1
| #define HAVE_ISXDIGIT 1
| #define HAVE_GETPWENT 1
| #define HAVE_GETPWNAM 1
| #define HAVE_GETPWUID 1
| #define HAVE_CHOWN 1
| #define HAVE_STRCOLL 1
| #define HAVE_FCNTL_H 1
| #define HAVE_UNISTD_H 1
| #define HAVE_STDLIB_H 1
| #define HAVE_STDARG_H 1
| #define HAVE_STDBOOL_H 1
| #define HAVE_STRING_H 1
| #define HAVE_STRINGS_H 1
| #define HAVE_LIMITS_H 1
| #define HAVE_LOCALE_H 1
| #define HAVE_PWD_H 1
| #define HAVE_MEMORY_H 1
| #define HAVE_TERMCAP_H 1
| #define HAVE_TERMIOS_H 1
| #define HAVE_SYS_IOCTL_H 1
| #define HAVE_SYS_SELECT_H 1
| #define HAVE_SYS_TIME_H 1
| #define HAVE_SYS_FILE_H 1
| #define HAVE_POSIX_SIGNALS 1
| #define HAVE_POSIX_SIGSETJMP 1
| #define HAVE_LSTAT 1
| #define HAVE_GETPW_DECLS 1
| #define HAVE_INTTYPES_H 1
| #define TIOCSTAT_IN_SYS_IOCTL 1
| #define FIONREAD_IN_SYS_IOCTL 1
| #define STRUCT_WINSIZE_IN_SYS_IOCTL 1
| #define HAVE_STRUCT_DIRENT_D_INO 1
| #define HAVE_STRUCT_DIRENT_D_INO 1
| #define HAVE_STRUCT_DIRENT_D_FILENO 1
| #define HAVE_STRUCT_DIRENT_D_FILENO 1
| #define HAVE_TIMEVAL 1
| /* end confdefs.h.  */
| #include <linux/audit.h>
| 
| int
| main (void)
| {
| #ifndef AUDIT_USER_TTY
| #ifdef __cplusplus
|   (void) AUDIT_USER_TTY;
| #else
|   (void) AUDIT_USER_TTY;
| #endif
| #endif
| 
|   ;
|   return 0;
| }
configure:7048: result: no
configure:7074: checking for tgetent
configure:7074: gcc -o conftest -g -O2   conftest.c  >&5
Undefined symbols for architecture x86_64:
  "_tgetent", referenced from:
      _main in conftest-7778d4.o
ld: symbol(s) not found for architecture x86_64
clang: error: linker command failed with exit code 1 (use -v to see invocation)
configure:7074: $? = 1
configure: failed program was:
| /* confdefs.h */
| #define PACKAGE_NAME "readline"
| #define PACKAGE_TARNAME "readline"
| #define PACKAGE_VERSION "8.2"
| #define PACKAGE_STRING "readline 8.2"
| #define PACKAGE_BUGREPORT "bug-readline@gnu.org"
| #define PACKAGE_URL ""
| #define HAVE_STDIO_H 1
| #define HAVE_STDLIB_H 1
| #define HAVE_STRING_H 1
| #define HAVE_INTTYPES_H 1
| #define HAVE_STDINT_H 1
| #define HAVE_STRINGS_H 1
| #define HAVE_SYS_STAT_H 1
| #define HAVE_SYS_TYPES_H 1
| #define HAVE_UNISTD_H 1
| #define HAVE_WCHAR_H 1
| #define STDC_HEADERS 1
| #define _ALL_SOURCE 1
| #define _DARWIN_C_SOURCE 1
| #define _GNU_SOURCE 1
| #define _HPUX_ALT_XOPEN_SOCKET_API 1
| #define _NETBSD_SOURCE 1
| #define _OPENBSD_SOURCE 1
| #define _POSIX_PTHREAD_SEMANTICS 1
| #define __STDC_WANT_IEC_60559_ATTRIBS_EXT__ 1
| #define __STDC_WANT_IEC_60559_BFP_EXT__ 1
| #define __STDC_WANT_IEC_60559_DFP_EXT__ 1
| #define __STDC_WANT_IEC_60559_FUNCS_EXT__ 1
| #define __STDC_WANT_IEC_60559_TYPES_EXT__ 1
| #define __STDC_WANT_LIB_EXT2__ 1
| #define __STDC_WANT_MATH_SPEC_FUNCS__ 1
| #define _TANDEM_SOURCE 1
| #define __EXTENSIONS__ 1
| #define PROTOTYPES 1
| #define __PROTOTYPES 1
| #define HAVE_DIRENT_H 1
| #define HAVE_FCNTL 1
| #define HAVE_GETTIMEOFDAY 1
| #define HAVE_KILL 1
| #define HAVE_LSTAT 1
| #define HAVE_PSELECT 1
| #define HAVE_READLINK 1
| #define HAVE_SELECT 1
| #define HAVE_SETITIMER 1
| #define HAVE_FNMATCH 1
| #define HAVE_MEMMOVE 1
| #define HAVE_PUTENV 1
| #define HAVE_SETENV 1
| #define HAVE_SETLOCALE 1
| #define HAVE_STRCASECMP 1
| #define HAVE_STRPBRK 1
| #define HAVE_SYSCONF 1
| #define HAVE_TCGETATTR 1
| #define HAVE_VSNPRINTF 1
| #define HAVE_ISASCII 1
| #define HAVE_ISXDIGIT 1
| #define HAVE_GETPWENT 1
| #define HAVE_GETPWNAM 1
| #define HAVE_GETPWUID 1
| #define HAVE_CHOWN 1
| #define HAVE_STRCOLL 1
| #define HAVE_FCNTL_H 1
| #define HAVE_UNISTD_H 1
| #define HAVE_STDLIB_H 1
| #define HAVE_STDARG_H 1
| #define HAVE_STDBOOL_H 1
| #define HAVE_STRING_H 1
| #define HAVE_STRINGS_H 1
| #define HAVE_LIMITS_H 1
| #define HAVE_LOCALE_H 1
| #define HAVE_PWD_H 1
| #define HAVE_MEMORY_H 1
| #define HAVE_TERMCAP_H 1
| #define HAVE_TERMIOS_H 1
| #define HAVE_SYS_IOCTL_H 1
| #define HAVE_SYS_SELECT_H 1
| #define HAVE_SYS_TIME_H 1
| #define HAVE_SYS_FILE_H 1
| #define HAVE_POSIX_SIGNALS 1
| #define HAVE_POSIX_SIGSETJMP 1
| #define HAVE_LSTAT 1
| #define HAVE_GETPW_DECLS 1
| #define HAVE_INTTYPES_H 1
| #define TIOCSTAT_IN_SYS_IOCTL 1
| #define FIONREAD_IN_SYS_IOCTL 1
| #define STRUCT_WINSIZE_IN_SYS_IOCTL 1
| #define HAVE_STRUCT_DIRENT_D_INO 1
| #define HAVE_STRUCT_DIRENT_D_INO 1
| #define HAVE_STRUCT_DIRENT_D_FILENO 1
| #define HAVE_STRUCT_DIRENT_D_FILENO 1
| #define HAVE_TIMEVAL 1
| #define HAVE_DECL_AUDIT_USER_TTY 0
| /* end confdefs.h.  */
| /* Define tgetent to an innocuous variant, in case <limits.h> declares tgetent.
|    For example, HP-UX 11i <limits.h> declares gettimeofday.  */
| #define tgetent innocuous_tgetent
| 
| /* System header to define __stub macros and hopefully few prototypes,
|    which can conflict with char tgetent (); below.  */
| 
| #include <limits.h>
| #undef tgetent
| 
| /* Override any GCC internal prototype to avoid an error.
|    Use char because int might match the return type of a GCC
|    builtin and then its argument prototype would still apply.  */
| #ifdef __cplusplus
| extern "C"
| #endif
| char tgetent ();
| /* The GNU C library defines this for functions which it implements
|     to always fail with ENOSYS.  Some functions are actually named
|     something starting with __ and the normal name is an alias.  */
| #if defined __stub_tgetent || defined __stub___tgetent
| choke me
| #endif
| 
| int
| main (void)
| {
| return tgetent ();
|   ;
|   return 0;
| }
configure:7074: result: no
configure:7079: checking for tgetent in -ltermcap
configure:7102: gcc -o conftest -g -O2   conftest.c -ltermcap   >&5
configure:7102: $? = 0
configure:7112: result: yes
configure:7290: checking which library has the termcap functions
configure:7293: result: using libtermcap
configure:7348: checking for nl_langinfo and CODESET
configure:7365: gcc -o conftest -g -O2   conftest.c  >&5
configure:7365: $? = 0
configure:7375: result: yes
configure:7384: checking for wctype.h
configure:7384: gcc -c -g -O2  conftest.c >&5
configure:7384: $? = 0
configure:7384: result: yes
configure:7391: checking for wchar.h
configure:7391: result: yes
configure:7398: checking for langinfo.h
configure:7398: gcc -c -g -O2  conftest.c >&5
configure:7398: $? = 0
configure:7398: result: yes
configure:7406: checking for mbstr.h
configure:7406: gcc -c -g -O2  conftest.c >&5
conftest.c:127:10: fatal error: 'mbstr.h' file not found
#include <mbstr.h>
         ^~~~~~~~~
1 error generated.
configure:7406: $? = 1
configure: failed program was:
| /* confdefs.h */
| #define PACKAGE_NAME "readline"
| #define PACKAGE_TARNAME "readline"
| #define PACKAGE_VERSION "8.2"
| #define PACKAGE_STRING "readline 8.2"
| #define PACKAGE_BUGREPORT "bug-readline@gnu.org"
| #define PACKAGE_URL ""
| #define HAVE_STDIO_H 1
| #define HAVE_STDLIB_H 1
| #define HAVE_STRING_H 1
| #define HAVE_INTTYPES_H 1
| #define HAVE_STDINT_H 1
| #define HAVE_STRINGS_H 1
| #define HAVE_SYS_STAT_H 1
| #define HAVE_SYS_TYPES_H 1
| #define HAVE_UNISTD_H 1
| #define HAVE_WCHAR_H 1
| #define STDC_HEADERS 1
| #define _ALL_SOURCE 1
| #define _DARWIN_C_SOURCE 1
| #define _GNU_SOURCE 1
| #define _HPUX_ALT_XOPEN_SOCKET_API 1
| #define _NETBSD_SOURCE 1
| #define _OPENBSD_SOURCE 1
| #define _POSIX_PTHREAD_SEMANTICS 1
| #define __STDC_WANT_IEC_60559_ATTRIBS_EXT__ 1
| #define __STDC_WANT_IEC_60559_BFP_EXT__ 1
| #define __STDC_WANT_IEC_60559_DFP_EXT__ 1
| #define __STDC_WANT_IEC_60559_FUNCS_EXT__ 1
| #define __STDC_WANT_IEC_60559_TYPES_EXT__ 1
| #define __STDC_WANT_LIB_EXT2__ 1
| #define __STDC_WANT_MATH_SPEC_FUNCS__ 1
| #define _TANDEM_SOURCE 1
| #define __EXTENSIONS__ 1
| #define PROTOTYPES 1
| #define __PROTOTYPES 1
| #define HAVE_DIRENT_H 1
| #define HAVE_FCNTL 1
| #define HAVE_GETTIMEOFDAY 1
| #define HAVE_KILL 1
| #define HAVE_LSTAT 1
| #define HAVE_PSELECT 1
| #define HAVE_READLINK 1
| #define HAVE_SELECT 1
| #define HAVE_SETITIMER 1
| #define HAVE_FNMATCH 1
| #define HAVE_MEMMOVE 1
| #define HAVE_PUTENV 1
| #define HAVE_SETENV 1
| #define HAVE_SETLOCALE 1
| #define HAVE_STRCASECMP 1
| #define HAVE_STRPBRK 1
| #define HAVE_SYSCONF 1
| #define HAVE_TCGETATTR 1
| #define HAVE_VSNPRINTF 1
| #define HAVE_ISASCII 1
| #define HAVE_ISXDIGIT 1
| #define HAVE_GETPWENT 1
| #define HAVE_GETPWNAM 1
| #define HAVE_GETPWUID 1
| #define HAVE_CHOWN 1
| #define HAVE_STRCOLL 1
| #define HAVE_FCNTL_H 1
| #define HAVE_UNISTD_H 1
| #define HAVE_STDLIB_H 1
| #define HAVE_STDARG_H 1
| #define HAVE_STDBOOL_H 1
| #define HAVE_STRING_H 1
| #define HAVE_STRINGS_H 1
| #define HAVE_LIMITS_H 1
| #define HAVE_LOCALE_H 1
| #define HAVE_PWD_H 1
| #define HAVE_MEMORY_H 1
| #define HAVE_TERMCAP_H 1
| #define HAVE_TERMIOS_H 1
| #define HAVE_SYS_IOCTL_H 1
| #define HAVE_SYS_SELECT_H 1
| #define HAVE_SYS_TIME_H 1
| #define HAVE_SYS_FILE_H 1
| #define HAVE_POSIX_SIGNALS 1
| #define HAVE_POSIX_SIGSETJMP 1
| #define HAVE_LSTAT 1
| #define HAVE_GETPW_DECLS 1
| #define HAVE_INTTYPES_H 1
| #define TIOCSTAT_IN_SYS_IOCTL 1
| #define FIONREAD_IN_SYS_IOCTL 1
| #define STRUCT_WINSIZE_IN_SYS_IOCTL 1
| #define HAVE_STRUCT_DIRENT_D_INO 1
| #define HAVE_STRUCT_DIRENT_D_INO 1
| #define HAVE_STRUCT_DIRENT_D_FILENO 1
| #define HAVE_STRUCT_DIRENT_D_FILENO 1
| #define HAVE_TIMEVAL 1
| #define HAVE_DECL_AUDIT_USER_TTY 0
| #define HAVE_LANGINFO_CODESET 1
| #define HAVE_WCTYPE_H 1
| #define HAVE_WCHAR_H 1
| #define HAVE_LANGINFO_H 1
| /* end confdefs.h.  */
| #include <stddef.h>
| #ifdef HAVE_STDIO_H
| # include <stdio.h>
| #endif
| #ifdef HAVE_STDLIB_H
| # include <stdlib.h>
| #endif
| #ifdef HAVE_STRING_H
| # include <string.h>
| #endif
| #ifdef HAVE_INTTYPES_H
| # include <inttypes.h>
| #endif
| #ifdef HAVE_STDINT_H
| # include <stdint.h>
| #endif
| #ifdef HAVE_STRINGS_H
| # include <strings.h>
| #endif
| #ifdef HAVE_SYS_TYPES_H
| # include <sys/types.h>
| #endif
| #ifdef HAVE_SYS_STAT_H
| # include <sys/stat.h>
| #endif
| #ifdef HAVE_UNISTD_H
| # include <unistd.h>
| #endif
| #include <mbstr.h>
configure:7406: result: no
configure:7414: checking for mbrlen
configure:7414: gcc -o conftest -g -O2   conftest.c  >&5
configure:7414: $? = 0
configure:7414: result: yes
configure:7421: checking for mbscasecmp
configure:7421: gcc -o conftest -g -O2   conftest.c  >&5
Undefined symbols for architecture x86_64:
  "_mbscasecmp", referenced from:
      _main in conftest-6d1138.o
ld: symbol(s) not found for architecture x86_64
clang: error: linker command failed with exit code 1 (use -v to see invocation)
configure:7421: $? = 1
configure: failed program was:
| /* confdefs.h */
| #define PACKAGE_NAME "readline"
| #define PACKAGE_TARNAME "readline"
| #define PACKAGE_VERSION "8.2"
| #define PACKAGE_STRING "readline 8.2"
| #define PACKAGE_BUGREPORT "bug-readline@gnu.org"
| #define PACKAGE_URL ""
| #define HAVE_STDIO_H 1
| #define HAVE_STDLIB_H 1
| #define HAVE_STRING_H 1
| #define HAVE_INTTYPES_H 1
| #define HAVE_STDINT_H 1
| #define HAVE_STRINGS_H 1
| #define HAVE_SYS_STAT_H 1
| #define HAVE_SYS_TYPES_H 1
| #define HAVE_UNISTD_H 1
| #define HAVE_WCHAR_H 1
| #define STDC_HEADERS 1
| #define _ALL_SOURCE 1
| #define _DARWIN_C_SOURCE 1
| #define _GNU_SOURCE 1
| #define _HPUX_ALT_XOPEN_SOCKET_API 1
| #define _NETBSD_SOURCE 1
| #define _OPENBSD_SOURCE 1
| #define _POSIX_PTHREAD_SEMANTICS 1
| #define __STDC_WANT_IEC_60559_ATTRIBS_EXT__ 1
| #define __STDC_WANT_IEC_60559_BFP_EXT__ 1
| #define __STDC_WANT_IEC_60559_DFP_EXT__ 1
| #define __STDC_WANT_IEC_60559_FUNCS_EXT__ 1
| #define __STDC_WANT_IEC_60559_TYPES_EXT__ 1
| #define __STDC_WANT_LIB_EXT2__ 1
| #define __STDC_WANT_MATH_SPEC_FUNCS__ 1
| #define _TANDEM_SOURCE 1
| #define __EXTENSIONS__ 1
| #define PROTOTYPES 1
| #define __PROTOTYPES 1
| #define HAVE_DIRENT_H 1
| #define HAVE_FCNTL 1
| #define HAVE_GETTIMEOFDAY 1
| #define HAVE_KILL 1
| #define HAVE_LSTAT 1
| #define HAVE_PSELECT 1
| #define HAVE_READLINK 1
| #define HAVE_SELECT 1
| #define HAVE_SETITIMER 1
| #define HAVE_FNMATCH 1
| #define HAVE_MEMMOVE 1
| #define HAVE_PUTENV 1
| #define HAVE_SETENV 1
| #define HAVE_SETLOCALE 1
| #define HAVE_STRCASECMP 1
| #define HAVE_STRPBRK 1
| #define HAVE_SYSCONF 1
| #define HAVE_TCGETATTR 1
| #define HAVE_VSNPRINTF 1
| #define HAVE_ISASCII 1
| #define HAVE_ISXDIGIT 1
| #define HAVE_GETPWENT 1
| #define HAVE_GETPWNAM 1
| #define HAVE_GETPWUID 1
| #define HAVE_CHOWN 1
| #define HAVE_STRCOLL 1
| #define HAVE_FCNTL_H 1
| #define HAVE_UNISTD_H 1
| #define HAVE_STDLIB_H 1
| #define HAVE_STDARG_H 1
| #define HAVE_STDBOOL_H 1
| #define HAVE_STRING_H 1
| #define HAVE_STRINGS_H 1
| #define HAVE_LIMITS_H 1
| #define HAVE_LOCALE_H 1
| #define HAVE_PWD_H 1
| #define HAVE_MEMORY_H 1
| #define HAVE_TERMCAP_H 1
| #define HAVE_TERMIOS_H 1
| #define HAVE_SYS_IOCTL_H 1
| #define HAVE_SYS_SELECT_H 1
| #define HAVE_SYS_TIME_H 1
| #define HAVE_SYS_FILE_H 1
| #define HAVE_POSIX_SIGNALS 1
| #define HAVE_POSIX_SIGSETJMP 1
| #define HAVE_LSTAT 1
| #define HAVE_GETPW_DECLS 1
| #define HAVE_INTTYPES_H 1
| #define TIOCSTAT_IN_SYS_IOCTL 1
| #define FIONREAD_IN_SYS_IOCTL 1
| #define STRUCT_WINSIZE_IN_SYS_IOCTL 1
| #define HAVE_STRUCT_DIRENT_D_INO 1
| #define HAVE_STRUCT_DIRENT_D_INO 1
| #define HAVE_STRUCT_DIRENT_D_FILENO 1
| #define HAVE_STRUCT_DIRENT_D_FILENO 1
| #define HAVE_TIMEVAL 1
| #define HAVE_DECL_AUDIT_USER_TTY 0
| #define HAVE_LANGINFO_CODESET 1
| #define HAVE_WCTYPE_H 1
| #define HAVE_WCHAR_H 1
| #define HAVE_LANGINFO_H 1
| #define HAVE_MBRLEN 1
| /* end confdefs.h.  */
| /* Define mbscasecmp to an innocuous variant, in case <limits.h> declares mbscasecmp.
|    For example, HP-UX 11i <limits.h> declares gettimeofday.  */
| #define mbscasecmp innocuous_mbscasecmp
| 
| /* System header to define __stub macros and hopefully few prototypes,
|    which can conflict with char mbscasecmp (); below.  */
| 
| #include <limits.h>
| #undef mbscasecmp
| 
| /* Override any GCC internal prototype to avoid an error.
|    Use char because int might match the return type of a GCC
|    builtin and then its argument prototype would still apply.  */
| #ifdef __cplusplus
| extern "C"
| #endif
| char mbscasecmp ();
| /* The GNU C library defines this for functions which it implements
|     to always fail with ENOSYS.  Some functions are actually named
|     something starting with __ and the normal name is an alias.  */
| #if defined __stub_mbscasecmp || defined __stub___mbscasecmp
| choke me
| #endif
| 
| int
| main (void)
| {
| return mbscasecmp ();
|   ;
|   return 0;
| }
configure:7421: result: no
configure:7428: checking for mbscmp
configure:7428: gcc -o conftest -g -O2   conftest.c  >&5
Undefined symbols for architecture x86_64:
  "_mbscmp", referenced from:
      _main in conftest-04ea26.o
ld: symbol(s) not found for architecture x86_64
clang: error: linker command failed with exit code 1 (use -v to see invocation)
configure:7428: $? = 1
configure: failed program was:
| /* confdefs.h */
| #define PACKAGE_NAME "readline"
| #define PACKAGE_TARNAME "readline"
| #define PACKAGE_VERSION "8.2"
| #define PACKAGE_STRING "readline 8.2"
| #define PACKAGE_BUGREPORT "bug-readline@gnu.org"
| #define PACKAGE_URL ""
| #define HAVE_STDIO_H 1
| #define HAVE_STDLIB_H 1
| #define HAVE_STRING_H 1
| #define HAVE_INTTYPES_H 1
| #define HAVE_STDINT_H 1
| #define HAVE_STRINGS_H 1
| #define HAVE_SYS_STAT_H 1
| #define HAVE_SYS_TYPES_H 1
| #define HAVE_UNISTD_H 1
| #define HAVE_WCHAR_H 1
| #define STDC_HEADERS 1
| #define _ALL_SOURCE 1
| #define _DARWIN_C_SOURCE 1
| #define _GNU_SOURCE 1
| #define _HPUX_ALT_XOPEN_SOCKET_API 1
| #define _NETBSD_SOURCE 1
| #define _OPENBSD_SOURCE 1
| #define _POSIX_PTHREAD_SEMANTICS 1
| #define __STDC_WANT_IEC_60559_ATTRIBS_EXT__ 1
| #define __STDC_WANT_IEC_60559_BFP_EXT__ 1
| #define __STDC_WANT_IEC_60559_DFP_EXT__ 1
| #define __STDC_WANT_IEC_60559_FUNCS_EXT__ 1
| #define __STDC_WANT_IEC_60559_TYPES_EXT__ 1
| #define __STDC_WANT_LIB_EXT2__ 1
| #define __STDC_WANT_MATH_SPEC_FUNCS__ 1
| #define _TANDEM_SOURCE 1
| #define __EXTENSIONS__ 1
| #define PROTOTYPES 1
| #define __PROTOTYPES 1
| #define HAVE_DIRENT_H 1
| #define HAVE_FCNTL 1
| #define HAVE_GETTIMEOFDAY 1
| #define HAVE_KILL 1
| #define HAVE_LSTAT 1
| #define HAVE_PSELECT 1
| #define HAVE_READLINK 1
| #define HAVE_SELECT 1
| #define HAVE_SETITIMER 1
| #define HAVE_FNMATCH 1
| #define HAVE_MEMMOVE 1
| #define HAVE_PUTENV 1
| #define HAVE_SETENV 1
| #define HAVE_SETLOCALE 1
| #define HAVE_STRCASECMP 1
| #define HAVE_STRPBRK 1
| #define HAVE_SYSCONF 1
| #define HAVE_TCGETATTR 1
| #define HAVE_VSNPRINTF 1
| #define HAVE_ISASCII 1
| #define HAVE_ISXDIGIT 1
| #define HAVE_GETPWENT 1
| #define HAVE_GETPWNAM 1
| #define HAVE_GETPWUID 1
| #define HAVE_CHOWN 1
| #define HAVE_STRCOLL 1
| #define HAVE_FCNTL_H 1
| #define HAVE_UNISTD_H 1
| #define HAVE_STDLIB_H 1
| #define HAVE_STDARG_H 1
| #define HAVE_STDBOOL_H 1
| #define HAVE_STRING_H 1
| #define HAVE_STRINGS_H 1
| #define HAVE_LIMITS_H 1
| #define HAVE_LOCALE_H 1
| #define HAVE_PWD_H 1
| #define HAVE_MEMORY_H 1
| #define HAVE_TERMCAP_H 1
| #define HAVE_TERMIOS_H 1
| #define HAVE_SYS_IOCTL_H 1
| #define HAVE_SYS_SELECT_H 1
| #define HAVE_SYS_TIME_H 1
| #define HAVE_SYS_FILE_H 1
| #define HAVE_POSIX_SIGNALS 1
| #define HAVE_POSIX_SIGSETJMP 1
| #define HAVE_LSTAT 1
| #define HAVE_GETPW_DECLS 1
| #define HAVE_INTTYPES_H 1
| #define TIOCSTAT_IN_SYS_IOCTL 1
| #define FIONREAD_IN_SYS_IOCTL 1
| #define STRUCT_WINSIZE_IN_SYS_IOCTL 1
| #define HAVE_STRUCT_DIRENT_D_INO 1
| #define HAVE_STRUCT_DIRENT_D_INO 1
| #define HAVE_STRUCT_DIRENT_D_FILENO 1
| #define HAVE_STRUCT_DIRENT_D_FILENO 1
| #define HAVE_TIMEVAL 1
| #define HAVE_DECL_AUDIT_USER_TTY 0
| #define HAVE_LANGINFO_CODESET 1
| #define HAVE_WCTYPE_H 1
| #define HAVE_WCHAR_H 1
| #define HAVE_LANGINFO_H 1
| #define HAVE_MBRLEN 1
| /* end confdefs.h.  */
| /* Define mbscmp to an innocuous variant, in case <limits.h> declares mbscmp.
|    For example, HP-UX 11i <limits.h> declares gettimeofday.  */
| #define mbscmp innocuous_mbscmp
| 
| /* System header to define __stub macros and hopefully few prototypes,
|    which can conflict with char mbscmp (); below.  */
| 
| #include <limits.h>
| #undef mbscmp
| 
| /* Override any GCC internal prototype to avoid an error.
|    Use char because int might match the return type of a GCC
|    builtin and then its argument prototype would still apply.  */
| #ifdef __cplusplus
| extern "C"
| #endif
| char mbscmp ();
| /* The GNU C library defines this for functions which it implements
|     to always fail with ENOSYS.  Some functions are actually named
|     something starting with __ and the normal name is an alias.  */
| #if defined __stub_mbscmp || defined __stub___mbscmp
| choke me
| #endif
| 
| int
| main (void)
| {
| return mbscmp ();
|   ;
|   return 0;
| }
configure:7428: result: no
configure:7435: checking for mbsnrtowcs
configure:7435: gcc -o conftest -g -O2   conftest.c  >&5
configure:7435: $? = 0
configure:7435: result: yes
configure:7442: checking for mbsrtowcs
configure:7442: gcc -o conftest -g -O2   conftest.c  >&5
configure:7442: $? = 0
configure:7442: result: yes
configure:7450: checking for mbschr
configure:7450: gcc -o conftest -g -O2   conftest.c  >&5
Undefined symbols for architecture x86_64:
  "_mbschr", referenced from:
      _main in conftest-8c3852.o
ld: symbol(s) not found for architecture x86_64
clang: error: linker command failed with exit code 1 (use -v to see invocation)
configure:7450: $? = 1
configure: failed program was:
| /* confdefs.h */
| #define PACKAGE_NAME "readline"
| #define PACKAGE_TARNAME "readline"
| #define PACKAGE_VERSION "8.2"
| #define PACKAGE_STRING "readline 8.2"
| #define PACKAGE_BUGREPORT "bug-readline@gnu.org"
| #define PACKAGE_URL ""
| #define HAVE_STDIO_H 1
| #define HAVE_STDLIB_H 1
| #define HAVE_STRING_H 1
| #define HAVE_INTTYPES_H 1
| #define HAVE_STDINT_H 1
| #define HAVE_STRINGS_H 1
| #define HAVE_SYS_STAT_H 1
| #define HAVE_SYS_TYPES_H 1
| #define HAVE_UNISTD_H 1
| #define HAVE_WCHAR_H 1
| #define STDC_HEADERS 1
| #define _ALL_SOURCE 1
| #define _DARWIN_C_SOURCE 1
| #define _GNU_SOURCE 1
| #define _HPUX_ALT_XOPEN_SOCKET_API 1
| #define _NETBSD_SOURCE 1
| #define _OPENBSD_SOURCE 1
| #define _POSIX_PTHREAD_SEMANTICS 1
| #define __STDC_WANT_IEC_60559_ATTRIBS_EXT__ 1
| #define __STDC_WANT_IEC_60559_BFP_EXT__ 1
| #define __STDC_WANT_IEC_60559_DFP_EXT__ 1
| #define __STDC_WANT_IEC_60559_FUNCS_EXT__ 1
| #define __STDC_WANT_IEC_60559_TYPES_EXT__ 1
| #define __STDC_WANT_LIB_EXT2__ 1
| #define __STDC_WANT_MATH_SPEC_FUNCS__ 1
| #define _TANDEM_SOURCE 1
| #define __EXTENSIONS__ 1
| #define PROTOTYPES 1
| #define __PROTOTYPES 1
| #define HAVE_DIRENT_H 1
| #define HAVE_FCNTL 1
| #define HAVE_GETTIMEOFDAY 1
| #define HAVE_KILL 1
| #define HAVE_LSTAT 1
| #define HAVE_PSELECT 1
| #define HAVE_READLINK 1
| #define HAVE_SELECT 1
| #define HAVE_SETITIMER 1
| #define HAVE_FNMATCH 1
| #define HAVE_MEMMOVE 1
| #define HAVE_PUTENV 1
| #define HAVE_SETENV 1
| #define HAVE_SETLOCALE 1
| #define HAVE_STRCASECMP 1
| #define HAVE_STRPBRK 1
| #define HAVE_SYSCONF 1
| #define HAVE_TCGETATTR 1
| #define HAVE_VSNPRINTF 1
| #define HAVE_ISASCII 1
| #define HAVE_ISXDIGIT 1
| #define HAVE_GETPWENT 1
| #define HAVE_GETPWNAM 1
| #define HAVE_GETPWUID 1
| #define HAVE_CHOWN 1
| #define HAVE_STRCOLL 1
| #define HAVE_FCNTL_H 1
| #define HAVE_UNISTD_H 1
| #define HAVE_STDLIB_H 1
| #define HAVE_STDARG_H 1
| #define HAVE_STDBOOL_H 1
| #define HAVE_STRING_H 1
| #define HAVE_STRINGS_H 1
| #define HAVE_LIMITS_H 1
| #define HAVE_LOCALE_H 1
| #define HAVE_PWD_H 1
| #define HAVE_MEMORY_H 1
| #define HAVE_TERMCAP_H 1
| #define HAVE_TERMIOS_H 1
| #define HAVE_SYS_IOCTL_H 1
| #define HAVE_SYS_SELECT_H 1
| #define HAVE_SYS_TIME_H 1
| #define HAVE_SYS_FILE_H 1
| #define HAVE_POSIX_SIGNALS 1
| #define HAVE_POSIX_SIGSETJMP 1
| #define HAVE_LSTAT 1
| #define HAVE_GETPW_DECLS 1
| #define HAVE_INTTYPES_H 1
| #define TIOCSTAT_IN_SYS_IOCTL 1
| #define FIONREAD_IN_SYS_IOCTL 1
| #define STRUCT_WINSIZE_IN_SYS_IOCTL 1
| #define HAVE_STRUCT_DIRENT_D_INO 1
| #define HAVE_STRUCT_DIRENT_D_INO 1
| #define HAVE_STRUCT_DIRENT_D_FILENO 1
| #define HAVE_STRUCT_DIRENT_D_FILENO 1
| #define HAVE_TIMEVAL 1
| #define HAVE_DECL_AUDIT_USER_TTY 0
| #define HAVE_LANGINFO_CODESET 1
| #define HAVE_WCTYPE_H 1
| #define HAVE_WCHAR_H 1
| #define HAVE_LANGINFO_H 1
| #define HAVE_MBRLEN 1
| #define HAVE_MBSNRTOWCS 1
| #define HAVE_MBSRTOWCS 1
| /* end confdefs.h.  */
| /* Define mbschr to an innocuous variant, in case <limits.h> declares mbschr.
|    For example, HP-UX 11i <limits.h> declares gettimeofday.  */
| #define mbschr innocuous_mbschr
| 
| /* System header to define __stub macros and hopefully few prototypes,
|    which can conflict with char mbschr (); below.  */
| 
| #include <limits.h>
| #undef mbschr
| 
| /* Override any GCC internal prototype to avoid an error.
|    Use char because int might match the return type of a GCC
|    builtin and then its argument prototype would still apply.  */
| #ifdef __cplusplus
| extern "C"
| #endif
| char mbschr ();
| /* The GNU C library defines this for functions which it implements
|     to always fail with ENOSYS.  Some functions are actually named
|     something starting with __ and the normal name is an alias.  */
| #if defined __stub_mbschr || defined __stub___mbschr
| choke me
| #endif
| 
| int
| main (void)
| {
| return mbschr ();
|   ;
|   return 0;
| }
configure:7450: result: no
configure:7465: checking for wcrtomb
configure:7465: gcc -o conftest -g -O2   conftest.c  >&5
configure:7465: $? = 0
configure:7465: result: yes
configure:7472: checking for wcscoll
configure:7472: gcc -o conftest -g -O2   conftest.c  >&5
configure:7472: $? = 0
configure:7472: result: yes
configure:7479: checking for wcsdup
configure:7479: gcc -o conftest -g -O2   conftest.c  >&5
configure:7479: $? = 0
configure:7479: result: yes
configure:7486: checking for wcwidth
configure:7486: gcc -o conftest -g -O2   conftest.c  >&5
configure:7486: $? = 0
configure:7486: result: yes
configure:7493: checking for wctype
configure:7493: gcc -o conftest -g -O2   conftest.c  >&5
configure:7493: $? = 0
configure:7493: result: yes
configure:7501: checking for wcswidth
configure:7501: gcc -o conftest -g -O2   conftest.c  >&5
configure:7501: $? = 0
configure:7501: result: yes
configure:7517: checking whether mbrtowc and mbstate_t are properly declared
configure:7538: gcc -o conftest -g -O2   conftest.c  >&5
configure:7538: $? = 0
configure:7547: result: yes
configure:7560: checking for iswlower
configure:7560: gcc -o conftest -g -O2   conftest.c  >&5
configure:7560: $? = 0
configure:7560: result: yes
configure:7566: checking for iswupper
configure:7566: gcc -o conftest -g -O2   conftest.c  >&5
configure:7566: $? = 0
configure:7566: result: yes
configure:7572: checking for towlower
configure:7572: gcc -o conftest -g -O2   conftest.c  >&5
configure:7572: $? = 0
configure:7572: result: yes
configure:7578: checking for towupper
configure:7578: gcc -o conftest -g -O2   conftest.c  >&5
configure:7578: $? = 0
configure:7578: result: yes
configure:7584: checking for iswctype
configure:7584: gcc -o conftest -g -O2   conftest.c  >&5
configure:7584: $? = 0
configure:7584: result: yes
configure:7594: checking for wchar_t in wchar.h
configure:7615: gcc -c -g -O2  conftest.c >&5
configure:7615: $? = 0
configure:7624: result: yes
configure:7632: checking for wctype_t in wctype.h
configure:7653: gcc -c -g -O2  conftest.c >&5
configure:7653: $? = 0
configure:7662: result: yes
configure:7670: checking for wint_t in wctype.h
configure:7691: gcc -c -g -O2  conftest.c >&5
configure:7691: $? = 0
configure:7700: result: yes
configure:7708: checking for wcwidth broken with unicode combining characters
configure:7742: gcc -o conftest -g -O2   conftest.c  >&5
configure:7742: $? = 0
configure:7742: ./conftest
configure:7742: $? = 1
configure: program exited with status 1
configure: failed program was:
| /* confdefs.h */
| #define PACKAGE_NAME "readline"
| #define PACKAGE_TARNAME "readline"
| #define PACKAGE_VERSION "8.2"
| #define PACKAGE_STRING "readline 8.2"
| #define PACKAGE_BUGREPORT "bug-readline@gnu.org"
| #define PACKAGE_URL ""
| #define HAVE_STDIO_H 1
| #define HAVE_STDLIB_H 1
| #define HAVE_STRING_H 1
| #define HAVE_INTTYPES_H 1
| #define HAVE_STDINT_H 1
| #define HAVE_STRINGS_H 1
| #define HAVE_SYS_STAT_H 1
| #define HAVE_SYS_TYPES_H 1
| #define HAVE_UNISTD_H 1
| #define HAVE_WCHAR_H 1
| #define STDC_HEADERS 1
| #define _ALL_SOURCE 1
| #define _DARWIN_C_SOURCE 1
| #define _GNU_SOURCE 1
| #define _HPUX_ALT_XOPEN_SOCKET_API 1
| #define _NETBSD_SOURCE 1
| #define _OPENBSD_SOURCE 1
| #define _POSIX_PTHREAD_SEMANTICS 1
| #define __STDC_WANT_IEC_60559_ATTRIBS_EXT__ 1
| #define __STDC_WANT_IEC_60559_BFP_EXT__ 1
| #define __STDC_WANT_IEC_60559_DFP_EXT__ 1
| #define __STDC_WANT_IEC_60559_FUNCS_EXT__ 1
| #define __STDC_WANT_IEC_60559_TYPES_EXT__ 1
| #define __STDC_WANT_LIB_EXT2__ 1
| #define __STDC_WANT_MATH_SPEC_FUNCS__ 1
| #define _TANDEM_SOURCE 1
| #define __EXTENSIONS__ 1
| #define PROTOTYPES 1
| #define __PROTOTYPES 1
| #define HAVE_DIRENT_H 1
| #define HAVE_FCNTL 1
| #define HAVE_GETTIMEOFDAY 1
| #define HAVE_KILL 1
| #define HAVE_LSTAT 1
| #define HAVE_PSELECT 1
| #define HAVE_READLINK 1
| #define HAVE_SELECT 1
| #define HAVE_SETITIMER 1
| #define HAVE_FNMATCH 1
| #define HAVE_MEMMOVE 1
| #define HAVE_PUTENV 1
| #define HAVE_SETENV 1
| #define HAVE_SETLOCALE 1
| #define HAVE_STRCASECMP 1
| #define HAVE_STRPBRK 1
| #define HAVE_SYSCONF 1
| #define HAVE_TCGETATTR 1
| #define HAVE_VSNPRINTF 1
| #define HAVE_ISASCII 1
| #define HAVE_ISXDIGIT 1
| #define HAVE_GETPWENT 1
| #define HAVE_GETPWNAM 1
| #define HAVE_GETPWUID 1
| #define HAVE_CHOWN 1
| #define HAVE_STRCOLL 1
| #define HAVE_FCNTL_H 1
| #define HAVE_UNISTD_H 1
| #define HAVE_STDLIB_H 1
| #define HAVE_STDARG_H 1
| #define HAVE_STDBOOL_H 1
| #define HAVE_STRING_H 1
| #define HAVE_STRINGS_H 1
| #define HAVE_LIMITS_H 1
| #define HAVE_LOCALE_H 1
| #define HAVE_PWD_H 1
| #define HAVE_MEMORY_H 1
| #define HAVE_TERMCAP_H 1
| #define HAVE_TERMIOS_H 1
| #define HAVE_SYS_IOCTL_H 1
| #define HAVE_SYS_SELECT_H 1
| #define HAVE_SYS_TIME_H 1
| #define HAVE_SYS_FILE_H 1
| #define HAVE_POSIX_SIGNALS 1
| #define HAVE_POSIX_SIGSETJMP 1
| #define HAVE_LSTAT 1
| #define HAVE_GETPW_DECLS 1
| #define HAVE_INTTYPES_H 1
| #define TIOCSTAT_IN_SYS_IOCTL 1
| #define FIONREAD_IN_SYS_IOCTL 1
| #define STRUCT_WINSIZE_IN_SYS_IOCTL 1
| #define HAVE_STRUCT_DIRENT_D_INO 1
| #define HAVE_STRUCT_DIRENT_D_INO 1
| #define HAVE_STRUCT_DIRENT_D_FILENO 1
| #define HAVE_STRUCT_DIRENT_D_FILENO 1
| #define HAVE_TIMEVAL 1
| #define HAVE_DECL_AUDIT_USER_TTY 0
| #define HAVE_LANGINFO_CODESET 1
| #define HAVE_WCTYPE_H 1
| #define HAVE_WCHAR_H 1
| #define HAVE_LANGINFO_H 1
| #define HAVE_MBRLEN 1
| #define HAVE_MBSNRTOWCS 1
| #define HAVE_MBSRTOWCS 1
| #define HAVE_WCRTOMB 1
| #define HAVE_WCSCOLL 1
| #define HAVE_WCSDUP 1
| #define HAVE_WCWIDTH 1
| #define HAVE_WCTYPE 1
| #define HAVE_WCSWIDTH 1
| #define HAVE_MBRTOWC 1
| #define HAVE_MBSTATE_T 1
| #define HAVE_ISWLOWER 1
| #define HAVE_ISWUPPER 1
| #define HAVE_TOWLOWER 1
| #define HAVE_TOWUPPER 1
| #define HAVE_ISWCTYPE 1
| #define HAVE_WCHAR_T 1
| #define HAVE_WCTYPE_T 1
| #define HAVE_WINT_T 1
| /* end confdefs.h.  */
| 
| #include <unistd.h>
| #include <stdlib.h>
| #include <stdio.h>
| 
| #include <locale.h>
| #include <wchar.h>
| 
| int
| main(c, v)
| int     c;
| char    **v;
| {
|         int     w;
| 
|         setlocale(LC_ALL, "en_US.UTF-8");
|         w = wcwidth (0x0301);
|         exit (w == 0);  /* exit 0 if wcwidth broken */
| }
| 
configure:7753: result: no
configure:7778: checking size of wchar_t
configure:7784: gcc -o conftest -g -O2   conftest.c  >&5
configure:7784: $? = 0
configure:7784: ./conftest
configure:7784: $? = 0
configure:7799: result: 4
configure:7826: checking configuration for building shared libraries
configure:7852: result: supported
configure:8042: creating ./config.status

## ---------------------- ##
## Running config.status. ##
## ---------------------- ##

This file was extended by readline config.status 8.2, which was
generated by GNU Autoconf 2.71.  Invocation command line was

  CONFIG_FILES    = 
  CONFIG_HEADERS  = 
  CONFIG_LINKS    = 
  CONFIG_COMMANDS = 
  $ ./config.status 

on car12s1.42barcelona.com

config.status:951: creating Makefile
config.status:951: creating doc/Makefile
config.status:951: creating examples/Makefile
config.status:951: creating shlib/Makefile
config.status:951: creating readline.pc
config.status:951: creating history.pc
config.status:951: creating config.h
config.status:1126: config.h is unchanged
config.status:1140: executing stamp-h commands

## ---------------- ##
## Cache variables. ##
## ---------------- ##

ac_cv_build=x86_64-apple-darwin19.6.0
ac_cv_c_char_unsigned=no
ac_cv_c_compiler_gnu=yes
ac_cv_c_const=yes
ac_cv_c_inline=inline
ac_cv_c_undeclared_builtin_options='none needed'
ac_cv_c_volatile=yes
ac_cv_env_CC_set=
ac_cv_env_CC_value=
ac_cv_env_CFLAGS_set=
ac_cv_env_CFLAGS_value=
ac_cv_env_CPPFLAGS_set=
ac_cv_env_CPPFLAGS_value=
ac_cv_env_CPP_set=
ac_cv_env_CPP_value=
ac_cv_env_LDFLAGS_set=
ac_cv_env_LDFLAGS_value=
ac_cv_env_LIBS_set=
ac_cv_env_LIBS_value=
ac_cv_env_build_alias_set=
ac_cv_env_build_alias_value=
ac_cv_env_host_alias_set=
ac_cv_env_host_alias_value=
ac_cv_env_target_alias_set=
ac_cv_env_target_alias_value=
ac_cv_func_chown_works=yes
ac_cv_func_fcntl=yes
ac_cv_func_fnmatch=yes
ac_cv_func_getpwent=yes
ac_cv_func_getpwnam=yes
ac_cv_func_getpwuid=yes
ac_cv_func_gettimeofday=yes
ac_cv_func_isascii=yes
ac_cv_func_iswctype=yes
ac_cv_func_iswlower=yes
ac_cv_func_iswupper=yes
ac_cv_func_isxdigit=yes
ac_cv_func_kill=yes
ac_cv_func_lstat=yes
ac_cv_func_mbrlen=yes
ac_cv_func_mbrtowc=yes
ac_cv_func_mbscasecmp=no
ac_cv_func_mbschr=no
ac_cv_func_mbscmp=no
ac_cv_func_mbsnrtowcs=yes
ac_cv_func_mbsrtowcs=yes
ac_cv_func_memmove=yes
ac_cv_func_pselect=yes
ac_cv_func_putenv=yes
ac_cv_func_readlink=yes
ac_cv_func_select=yes
ac_cv_func_setenv=yes
ac_cv_func_setitimer=yes
ac_cv_func_setlocale=yes
ac_cv_func_strcasecmp=yes
ac_cv_func_strcoll_works=yes
ac_cv_func_strpbrk=yes
ac_cv_func_sysconf=yes
ac_cv_func_tcgetattr=yes
ac_cv_func_tgetent=no
ac_cv_func_towlower=yes
ac_cv_func_towupper=yes
ac_cv_func_vsnprintf=yes
ac_cv_func_wcrtomb=yes
ac_cv_func_wcscoll=yes
ac_cv_func_wcsdup=yes
ac_cv_func_wcswidth=yes
ac_cv_func_wctype=yes
ac_cv_func_wcwidth=yes
ac_cv_have_decl_AUDIT_USER_TTY=no
ac_cv_have_sig_atomic_t=yes
ac_cv_header_dirent_dirent_h=yes
ac_cv_header_fcntl_h=yes
ac_cv_header_inttypes_h=yes
ac_cv_header_langinfo_h=yes
ac_cv_header_libaudit_h=no
ac_cv_header_limits_h=yes
ac_cv_header_locale_h=yes
ac_cv_header_mbstr_h=no
ac_cv_header_memory_h=yes
ac_cv_header_minix_config_h=no
ac_cv_header_pwd_h=yes
ac_cv_header_stat_broken=no
ac_cv_header_stdarg_h=yes
ac_cv_header_stdbool_h=yes
ac_cv_header_stdint_h=yes
ac_cv_header_stdio_h=yes
ac_cv_header_stdlib_h=yes
ac_cv_header_string_h=yes
ac_cv_header_strings_h=yes
ac_cv_header_sys_file_h=yes
ac_cv_header_sys_ioctl_h=yes
ac_cv_header_sys_pte_h=no
ac_cv_header_sys_ptem_h=no
ac_cv_header_sys_select_h=yes
ac_cv_header_sys_stat_h=yes
ac_cv_header_sys_stream_h=no
ac_cv_header_sys_time_h=yes
ac_cv_header_sys_types_h=yes
ac_cv_header_termcap_h=yes
ac_cv_header_termio_h=no
ac_cv_header_termios_h=yes
ac_cv_header_unistd_h=yes
ac_cv_header_varargs_h=no
ac_cv_header_wchar_h=yes
ac_cv_header_wctype_h=yes
ac_cv_host=x86_64-apple-darwin19.6.0
ac_cv_lib_termcap_tgetent=yes
ac_cv_member_struct_dirent_d_fileno=yes
ac_cv_member_struct_dirent_d_ino=yes
ac_cv_objext=o
ac_cv_path_EGREP='/usr/bin/grep -E'
ac_cv_path_GREP=/usr/bin/grep
ac_cv_path_install='/usr/bin/install -c'
ac_cv_prog_CPP='gcc -E'
ac_cv_prog_ac_ct_AR=ar
ac_cv_prog_ac_ct_CC=gcc
ac_cv_prog_ac_ct_RANLIB=ranlib
ac_cv_prog_cc_c11=
ac_cv_prog_cc_g=yes
ac_cv_prog_cc_stdc=
ac_cv_prog_gcc_traditional=no
ac_cv_prog_make_make_set=yes
ac_cv_safe_to_define___extensions__=yes
ac_cv_search_opendir='none required'
ac_cv_should_define__xopen_source=no
ac_cv_sizeof_wchar_t=4
ac_cv_sys_file_offset_bits=no
ac_cv_sys_largefile_CC=no
ac_cv_sys_tiocgwinsz_in_termios_h=yes
ac_cv_type_size_t=yes
ac_cv_type_ssize_t=yes
ac_cv_type_uid_t=yes
am_cv_langinfo_codeset=yes
bash_cv_dirent_has_d_fileno=yes
bash_cv_dirent_has_d_ino=yes
bash_cv_fionread_in_ioctl=yes
bash_cv_func_lstat=yes
bash_cv_func_sigsetjmp=present
bash_cv_func_strcoll_broken=no
bash_cv_getpw_declared=yes
bash_cv_must_reinstall_sighandlers=no
bash_cv_posix_signals=yes
bash_cv_signal_vintage=posix
bash_cv_speed_t_in_sys_types=no
bash_cv_struct_timeval=yes
bash_cv_struct_winsize_header=ioctl_h
bash_cv_struct_winsize_ioctl=yes
bash_cv_struct_winsize_termios=yes
bash_cv_termcap_lib=libtermcap
bash_cv_tiocstat_in_ioctl=yes
bash_cv_type_wchar_t=yes
bash_cv_type_wctype_t=yes
bash_cv_type_wint_t=yes
bash_cv_wcwidth_broken=no

## ----------------- ##
## Output variables. ##
## ----------------- ##

AR='ar'
ARFLAGS='cr'
BRACKETED_PASTE='-DBRACKETED_PASTE_DEFAULT=1'
BUILD_DIR='/Users/glajara-/Desktop/projects/minishbien/readline'
CC='gcc'
CFLAGS='-g -O2 -Wno-parentheses -Wno-format-security -Wno-tautological-constant-out-of-range-compare'
CPP='gcc -E'
CPPFLAGS=''
CROSS_COMPILE=''
DEFS='-DHAVE_CONFIG_H'
ECHO_C='\c'
ECHO_N=''
ECHO_T=''
EGREP='/usr/bin/grep -E'
EXAMPLES_INSTALL_TARGET='install-examples'
EXEEXT=''
GREP='/usr/bin/grep'
INSTALL_DATA='${INSTALL} -m 644'
INSTALL_PROGRAM='${INSTALL}'
INSTALL_SCRIPT='${INSTALL}'
LDFLAGS=''
LIBOBJS=' ${LIBOBJDIR}mbschr$U.o'
LIBS=''
LIBVERSION='8.2'
LOCAL_CFLAGS=''
LOCAL_DEFS=''
LOCAL_LDFLAGS=''
LTLIBOBJS=' ${LIBOBJDIR}mbschr$U.lo'
MAKE_SHELL='/bin/sh'
OBJEXT='o'
PACKAGE_BUGREPORT='bug-readline@gnu.org'
PACKAGE_NAME='readline'
PACKAGE_STRING='readline 8.2'
PACKAGE_TARNAME='readline'
PACKAGE_URL=''
PACKAGE_VERSION='8.2'
PATH_SEPARATOR=':'
RANLIB='ranlib'
SET_MAKE=''
SHARED_INSTALL_TARGET='install-shared'
SHARED_TARGET='shared'
SHELL='/bin/sh'
SHLIB_DLLVERSION='$(SHLIB_MAJOR)'
SHLIB_DOT='.'
SHLIB_LIBPREF='lib'
SHLIB_LIBS='-lncurses'
SHLIB_LIBSUFF='dylib'
SHLIB_LIBVERSION='$(SHLIB_MAJOR)$(SHLIB_MINOR).$(SHLIB_LIBSUFF)'
SHLIB_MAJOR='8'
SHLIB_MINOR='2'
SHLIB_STATUS='supported'
SHLIB_XLDFLAGS='-dynamiclib -install_name $(libdir)/`echo $@ | sed "s:\..*::"`.$(SHLIB_MAJOR).$(SHLIB_LIBSUFF) -current_version $(SHLIB_MAJOR)$(SHLIB_MINOR) -compatibility_version $(SHLIB_MAJOR)$(SHLIB_MINOR) -v'
SHOBJ_CC='gcc'
SHOBJ_CFLAGS='-fno-common'
SHOBJ_LD='${CC}'
SHOBJ_LDFLAGS='-dynamiclib -dynamic -undefined dynamic_lookup '
SHOBJ_LIBS=''
SHOBJ_STATUS='supported'
SHOBJ_XLDFLAGS=''
STATIC_INSTALL_TARGET='install-static'
STATIC_TARGET='static'
TERMCAP_LIB='-ltermcap'
TERMCAP_PKG_CONFIG_LIB='termcap'
ac_ct_CC='gcc'
bindir='${exec_prefix}/bin'
build='x86_64-apple-darwin19.6.0'
build_alias=''
build_cpu='x86_64'
build_os='darwin19.6.0'
build_vendor='apple'
datadir='${datarootdir}'
datarootdir='${prefix}/share'
docdir='${datarootdir}/doc/${PACKAGE_TARNAME}'
dvidir='${docdir}'
exec_prefix='${prefix}'
host='x86_64-apple-darwin19.6.0'
host_alias=''
host_cpu='x86_64'
host_os='darwin19.6.0'
host_vendor='apple'
htmldir='${docdir}'
includedir='${prefix}/include'
infodir='${datarootdir}/info'
libdir='${exec_prefix}/lib'
libexecdir='${exec_prefix}/libexec'
localedir='${datarootdir}/locale'
localstatedir='${prefix}/var'
mandir='${datarootdir}/man'
oldincludedir='/usr/include'
pdfdir='${docdir}'
prefix='/usr/local'
program_transform_name='s,x,x,'
psdir='${docdir}'
runstatedir='${localstatedir}/run'
sbindir='${exec_prefix}/sbin'
sharedstatedir='${prefix}/com'
sysconfdir='${prefix}/etc'
target_alias=''

## ----------- ##
## confdefs.h. ##
## ----------- ##

/* confdefs.h */
#define PACKAGE_NAME "readline"
#define PACKAGE_TARNAME "readline"
#define PACKAGE_VERSION "8.2"
#define PACKAGE_STRING "readline 8.2"
#define PACKAGE_BUGREPORT "bug-readline@gnu.org"
#define PACKAGE_URL ""
#define HAVE_STDIO_H 1
#define HAVE_STDLIB_H 1
#define HAVE_STRING_H 1
#define HAVE_INTTYPES_H 1
#define HAVE_STDINT_H 1
#define HAVE_STRINGS_H 1
#define HAVE_SYS_STAT_H 1
#define HAVE_SYS_TYPES_H 1
#define HAVE_UNISTD_H 1
#define HAVE_WCHAR_H 1
#define STDC_HEADERS 1
#define _ALL_SOURCE 1
#define _DARWIN_C_SOURCE 1
#define _GNU_SOURCE 1
#define _HPUX_ALT_XOPEN_SOCKET_API 1
#define _NETBSD_SOURCE 1
#define _OPENBSD_SOURCE 1
#define _POSIX_PTHREAD_SEMANTICS 1
#define __STDC_WANT_IEC_60559_ATTRIBS_EXT__ 1
#define __STDC_WANT_IEC_60559_BFP_EXT__ 1
#define __STDC_WANT_IEC_60559_DFP_EXT__ 1
#define __STDC_WANT_IEC_60559_FUNCS_EXT__ 1
#define __STDC_WANT_IEC_60559_TYPES_EXT__ 1
#define __STDC_WANT_LIB_EXT2__ 1
#define __STDC_WANT_MATH_SPEC_FUNCS__ 1
#define _TANDEM_SOURCE 1
#define __EXTENSIONS__ 1
#define PROTOTYPES 1
#define __PROTOTYPES 1
#define HAVE_DIRENT_H 1
#define HAVE_FCNTL 1
#define HAVE_GETTIMEOFDAY 1
#define HAVE_KILL 1
#define HAVE_LSTAT 1
#define HAVE_PSELECT 1
#define HAVE_READLINK 1
#define HAVE_SELECT 1
#define HAVE_SETITIMER 1
#define HAVE_FNMATCH 1
#define HAVE_MEMMOVE 1
#define HAVE_PUTENV 1
#define HAVE_SETENV 1
#define HAVE_SETLOCALE 1
#define HAVE_STRCASECMP 1
#define HAVE_STRPBRK 1
#define HAVE_SYSCONF 1
#define HAVE_TCGETATTR 1
#define HAVE_VSNPRINTF 1
#define HAVE_ISASCII 1
#define HAVE_ISXDIGIT 1
#define HAVE_GETPWENT 1
#define HAVE_GETPWNAM 1
#define HAVE_GETPWUID 1
#define HAVE_CHOWN 1
#define HAVE_STRCOLL 1
#define HAVE_FCNTL_H 1
#define HAVE_UNISTD_H 1
#define HAVE_STDLIB_H 1
#define HAVE_STDARG_H 1
#define HAVE_STDBOOL_H 1
#define HAVE_STRING_H 1
#define HAVE_STRINGS_H 1
#define HAVE_LIMITS_H 1
#define HAVE_LOCALE_H 1
#define HAVE_PWD_H 1
#define HAVE_MEMORY_H 1
#define HAVE_TERMCAP_H 1
#define HAVE_TERMIOS_H 1
#define HAVE_SYS_IOCTL_H 1
#define HAVE_SYS_SELECT_H 1
#define HAVE_SYS_TIME_H 1
#define HAVE_SYS_FILE_H 1
#define HAVE_POSIX_SIGNALS 1
#define HAVE_POSIX_SIGSETJMP 1
#define HAVE_LSTAT 1
#define HAVE_GETPW_DECLS 1
#define HAVE_INTTYPES_H 1
#define TIOCSTAT_IN_SYS_IOCTL 1
#define FIONREAD_IN_SYS_IOCTL 1
#define STRUCT_WINSIZE_IN_SYS_IOCTL 1
#define HAVE_STRUCT_DIRENT_D_INO 1
#define HAVE_STRUCT_DIRENT_D_INO 1
#define HAVE_STRUCT_DIRENT_D_FILENO 1
#define HAVE_STRUCT_DIRENT_D_FILENO 1
#define HAVE_TIMEVAL 1
#define HAVE_DECL_AUDIT_USER_TTY 0
#define HAVE_LANGINFO_CODESET 1
#define HAVE_WCTYPE_H 1
#define HAVE_WCHAR_H 1
#define HAVE_LANGINFO_H 1
#define HAVE_MBRLEN 1
#define HAVE_MBSNRTOWCS 1
#define HAVE_MBSRTOWCS 1
#define HAVE_WCRTOMB 1
#define HAVE_WCSCOLL 1
#define HAVE_WCSDUP 1
#define HAVE_WCWIDTH 1
#define HAVE_WCTYPE 1
#define HAVE_WCSWIDTH 1
#define HAVE_MBRTOWC 1
#define HAVE_MBSTATE_T 1
#define HAVE_ISWLOWER 1
#define HAVE_ISWUPPER 1
#define HAVE_TOWLOWER 1
#define HAVE_TOWUPPER 1
#define HAVE_ISWCTYPE 1
#define HAVE_WCHAR_T 1
#define HAVE_WCTYPE_T 1
#define HAVE_WINT_T 1
#define SIZEOF_WCHAR_T 4

configure: exit 0
